2024-08-15 01:57:56,023 [INFO] Activator:176 - 


2024-08-15 01:57:56,033 [INFO] Activator:177 - !SESSION log4j initialized
2024-08-15 01:58:01,109 [INFO] LogOutputStream:77 - [STDOUT_REDIRECT] 
2024-08-15 01:58:13,424 [INFO] ApplicationProperties:184 - Using Application install path: C:\ST\STM32CubeIDE_1.16.0\STM32CubeIDE\plugins\com.st.stm32cube.common.mx_6.12.0.202406281431
2024-08-15 01:58:13,441 [INFO] DbMcusXml:78 - Set database path to: C:\ST\STM32CubeIDE_1.16.0\STM32CubeIDE\plugins\com.st.stm32cube.common.mx_6.12.0.202406281431\\db\/mcu/
2024-08-15 01:58:13,442 [INFO] ApiDb:274 - Set plugin database path to: C:\ST\STM32CubeIDE_1.16.0\STM32CubeIDE\plugins\com.st.stm32cube.common.mx_6.12.0.202406281431\\db\/plugins/boardmanager/
2024-08-15 01:58:13,442 [WARN] ApiDb:259 - Overriding images path with different value:  => C:\ST\STM32CubeIDE_1.16.0\STM32CubeIDE\plugins\com.st.stm32cube.common.mx_6.12.0.202406281431\\db\/plugins/mcufinder/images/
2024-08-15 01:58:13,452 [INFO] ApiDb:250 - Set database path to: C:\Users\20128\.stmcufinder\plugins\mcufinder//mcu/
2024-08-15 01:58:13,453 [INFO] DbMcusAds:125 - Set database path to: C:\Users\20128\.stmcufinder\plugins\mcufinder//mcu/
2024-08-15 01:58:13,458 [INFO] CrossReferenceDbSqlite:203 - Set database path to: C:\Users\20128\.stmcufinder\plugins\mcufinder//mcu/cs/
2024-08-15 01:58:13,560 [INFO] RulesReader:64 - Compatibility file has been processed (297 Rules)
2024-08-15 01:58:13,632 [INFO] DbMcusXml:78 - Set database path to: C:\ST\STM32CubeIDE_1.16.0\STM32CubeIDE\plugins\com.st.stm32cube.common.mx_6.12.0.202406281431\\db\/mcu/
2024-08-15 01:58:13,632 [INFO] ApiDb:274 - Set plugin database path to: C:\ST\STM32CubeIDE_1.16.0\STM32CubeIDE\plugins\com.st.stm32cube.common.mx_6.12.0.202406281431\\db\/plugins/boardmanager/
2024-08-15 01:58:13,633 [INFO] ApiDb:261 - Set plugin images path to: C:\ST\STM32CubeIDE_1.16.0\STM32CubeIDE\plugins\com.st.stm32cube.common.mx_6.12.0.202406281431\\db\/plugins/mcufinder/images/
2024-08-15 01:58:13,633 [WARN] DbFile:41 - Overriding database path with different value: C:\Users\20128\.stmcufinder\plugins\mcufinder/ => C:\Users\20128\.stmcufinder\plugins\mcufinder
2024-08-15 01:58:13,633 [INFO] ApiDb:250 - Set database path to: C:\Users\20128\.stmcufinder\plugins\mcufinder//mcu/
2024-08-15 01:58:13,633 [WARN] DbFile:41 - Overriding database path with different value: C:\Users\20128\.stmcufinder\plugins\mcufinder/ => C:\Users\20128\.stmcufinder\plugins\mcufinder
2024-08-15 01:58:13,633 [INFO] DbMcusAds:125 - Set database path to: C:\Users\20128\.stmcufinder\plugins\mcufinder//mcu/
2024-08-15 01:58:13,633 [WARN] DbFile:41 - Overriding database path with different value: C:\Users\20128\.stmcufinder\plugins\mcufinder/ => C:\Users\20128\.stmcufinder\plugins\mcufinder
2024-08-15 01:58:13,633 [WARN] DbFile:41 - Overriding database path with different value: C:\Users\20128\.stmcufinder\plugins\mcufinder/ => C:\Users\20128\.stmcufinder\plugins\mcufinder
2024-08-15 01:58:13,633 [INFO] CrossReferenceDbSqlite:203 - Set database path to: C:\Users\20128\.stmcufinder\plugins\mcufinder//mcu/cs/
2024-08-15 01:58:13,710 [INFO] MainPanel:268 - HeapMemory: 268435456
2024-08-15 01:58:13,805 [INFO] DbMcusXml:78 - Set database path to: C:\ST\STM32CubeIDE_1.16.0\STM32CubeIDE\plugins\com.st.stm32cube.common.mx_6.12.0.202406281431\\db\/mcu/
2024-08-15 01:58:13,806 [INFO] ApiDb:274 - Set plugin database path to: C:\ST\STM32CubeIDE_1.16.0\STM32CubeIDE\plugins\com.st.stm32cube.common.mx_6.12.0.202406281431\\db\/plugins/boardmanager/
2024-08-15 01:58:13,806 [INFO] ApiDb:261 - Set plugin images path to: C:\ST\STM32CubeIDE_1.16.0\STM32CubeIDE\plugins\com.st.stm32cube.common.mx_6.12.0.202406281431\\db\/plugins/mcufinder/images/
2024-08-15 01:58:13,806 [WARN] DbFile:41 - Overriding database path with different value: C:\Users\20128\.stmcufinder\plugins\mcufinder/ => C:\Users\20128\.stmcufinder\plugins\mcufinder
2024-08-15 01:58:13,806 [INFO] ApiDb:250 - Set database path to: C:\Users\20128\.stmcufinder\plugins\mcufinder//mcu/
2024-08-15 01:58:13,806 [WARN] DbFile:41 - Overriding database path with different value: C:\Users\20128\.stmcufinder\plugins\mcufinder/ => C:\Users\20128\.stmcufinder\plugins\mcufinder
2024-08-15 01:58:13,806 [INFO] DbMcusAds:125 - Set database path to: C:\Users\20128\.stmcufinder\plugins\mcufinder//mcu/
2024-08-15 01:58:13,806 [WARN] DbFile:41 - Overriding database path with different value: C:\Users\20128\.stmcufinder\plugins\mcufinder/ => C:\Users\20128\.stmcufinder\plugins\mcufinder
2024-08-15 01:58:13,806 [WARN] DbFile:41 - Overriding database path with different value: C:\Users\20128\.stmcufinder\plugins\mcufinder/ => C:\Users\20128\.stmcufinder\plugins\mcufinder
2024-08-15 01:58:13,806 [INFO] CrossReferenceDbSqlite:203 - Set database path to: C:\Users\20128\.stmcufinder\plugins\mcufinder//mcu/cs/
2024-08-15 01:58:13,823 [INFO] ApplicationProperties:184 - Using Application install path: C:\ST\STM32CubeIDE_1.16.0\STM32CubeIDE\plugins\com.st.stm32cube.common.mx_6.12.0.202406281431
2024-08-15 01:58:13,824 [INFO] PluginManage:196 - Search for loadable plugins [exclusion list=, ]
2024-08-15 01:58:13,825 [INFO] PluginManage:310 - Check plugin analytics
2024-08-15 01:58:13,977 [INFO] AnalyticsPlugin:253 - Accepted Software Licenses: 
2024-08-15 01:58:13,978 [INFO] AnalyticsPlugin:255 - Accepted CMSIS Pack Licenses: 
2024-08-15 01:58:13,978 [INFO] AnalyticsPlugin:257 - Accepted Firmware Licenses: FW.F4.1.28.0
2024-08-15 01:58:13,981 [INFO] PluginManage:359 - Loaded plugin analytics (category:tool,tabindex:-1)
2024-08-15 01:58:13,981 [INFO] PluginManage:310 - Check plugin cadmodel
2024-08-15 01:58:13,997 [INFO] CADModel:105 - Init CAD model plugin
2024-08-15 01:58:13,998 [INFO] PluginManage:359 - Loaded plugin cadmodel (category:power,tabindex:5)
2024-08-15 01:58:13,998 [INFO] PluginManage:310 - Check plugin clock
2024-08-15 01:58:14,017 [INFO] PluginManage:359 - Loaded plugin clock (category:base,tabindex:2)
2024-08-15 01:58:14,017 [INFO] PluginManage:310 - Check plugin ddr
2024-08-15 01:58:14,021 [INFO] PluginManage:359 - Loaded plugin ddr (category:tool,tabindex:6)
2024-08-15 01:58:14,021 [INFO] PluginManage:310 - Check plugin filemanager
2024-08-15 01:58:14,145 [INFO] PluginManage:359 - Loaded plugin filemanager (category:base,tabindex:10)
2024-08-15 01:58:14,145 [INFO] PluginManage:310 - Check plugin ipmanager
2024-08-15 01:58:14,153 [INFO] PluginManage:359 - Loaded plugin ipmanager (category:base,tabindex:5)
2024-08-15 01:58:14,153 [INFO] PluginManage:310 - Check plugin lpbam
2024-08-15 01:58:14,171 [INFO] PluginManage:359 - Loaded plugin lpbam (category:base,tabindex:0)
2024-08-15 01:58:14,172 [INFO] PluginManage:310 - Check plugin memorymap
2024-08-15 01:58:14,195 [INFO] PluginManage:359 - Loaded plugin memorymap (category:base,tabindex:4)
2024-08-15 01:58:14,195 [INFO] PluginManage:310 - Check plugin pinoutandconfiguration
2024-08-15 01:58:14,211 [INFO] PluginManage:359 - Loaded plugin pinoutandconfiguration (category:base,tabindex:1)
2024-08-15 01:58:14,211 [INFO] PluginManage:310 - Check plugin pinoutconfig
2024-08-15 01:58:14,297 [WARN] SupportedApi:132 - Cannot load RTOS API schema: s4s-elt-must-match.1: The content of 'definitions' must match (annotation?, (simpleType | complexType)?, (unique | key | keyref)*)). A problem was found starting at: attribute.
2024-08-15 01:58:14,403 [INFO] PluginManage:359 - Loaded plugin pinoutconfig (category:base,tabindex:0)
2024-08-15 01:58:14,404 [INFO] PluginManage:310 - Check plugin power
2024-08-15 01:58:14,423 [INFO] PluginManage:359 - Loaded plugin power (category:power,tabindex:4)
2024-08-15 01:58:14,423 [INFO] PluginManage:310 - Check plugin projectmanager
2024-08-15 01:58:14,436 [INFO] PluginManage:359 - Loaded plugin projectmanager (category:projectmanager,tabindex:4)
2024-08-15 01:58:14,437 [INFO] PluginManage:310 - Check plugin rif
2024-08-15 01:58:14,452 [INFO] PluginManage:359 - Loaded plugin rif (category:base,tabindex:3)
2024-08-15 01:58:14,452 [INFO] PluginManage:310 - Check plugin thirdparty
2024-08-15 01:58:14,725 [INFO] PluginManage:359 - Loaded plugin thirdparty (category:base,tabindex:-1)
2024-08-15 01:58:14,725 [WARN] IntegrityCheckThread:84 - waiting for thirdparty lock release [integrity check]
2024-08-15 01:58:14,725 [INFO] IntegrityCheckThread:86 - entering critical section [integrity check]
2024-08-15 01:58:14,725 [INFO] PluginManage:310 - Check plugin tools
2024-08-15 01:58:14,725 [INFO] ThirdPartyUpdaterWithRetryManager:70 - Updater plugin not ready yet. [1/15]
2024-08-15 01:58:14,760 [INFO] PluginManage:359 - Loaded plugin tools (category:base,tabindex:7)
2024-08-15 01:58:14,760 [INFO] PluginManage:310 - Check plugin tutovideos
2024-08-15 01:58:14,924 [INFO] PluginManage:359 - Loaded plugin tutovideos (category:base,tabindex:-1)
2024-08-15 01:58:14,925 [INFO] PluginManage:310 - Check plugin updater
2024-08-15 01:58:14,940 [INFO] PluginManage:359 - Loaded plugin updater (category:base,tabindex:12)
2024-08-15 01:58:14,940 [INFO] PluginManage:310 - Check plugin userauth
2024-08-15 01:58:14,945 [INFO] UserAuth:113 - Init User Auth plugin
2024-08-15 01:58:14,945 [INFO] PluginManage:359 - Loaded plugin userauth (category:base,tabindex:14)
2024-08-15 01:58:14,946 [INFO] PluginManage:283 - PluginManage : Loaded plugins [18]
2024-08-15 01:58:15,135 [INFO] PinOutPanel:1561 - setPackage(No Configuration,No Configuration)
2024-08-15 01:58:15,229 [INFO] CADModel:165 - CPN selected for project level
2024-08-15 01:58:15,229 [INFO] CADModel:114 - Register for checkConnection events
2024-08-15 01:58:15,255 [INFO] IPUIPlugin:80 - create IPUIPlugin
2024-08-15 01:58:15,255 [INFO] PluginManager:220 - loadIPPluginJar : add adc
2024-08-15 01:58:15,290 [INFO] IPUIPlugin:80 - create IPUIPlugin
2024-08-15 01:58:15,290 [INFO] PluginManager:220 - loadIPPluginJar : add aes
2024-08-15 01:58:15,337 [INFO] IPUIPlugin:80 - create IPUIPlugin
2024-08-15 01:58:15,338 [INFO] PluginManager:220 - loadIPPluginJar : add can
2024-08-15 01:58:15,361 [INFO] IPUIPlugin:80 - create IPUIPlugin
2024-08-15 01:58:15,362 [INFO] PluginManager:220 - loadIPPluginJar : add comp
2024-08-15 01:58:15,391 [INFO] IPUIPlugin:80 - create IPUIPlugin
2024-08-15 01:58:15,391 [INFO] PluginManager:220 - loadIPPluginJar : add cryp
2024-08-15 01:58:15,402 [INFO] IPUIPlugin:80 - create IPUIPlugin
2024-08-15 01:58:15,402 [INFO] PluginManager:220 - loadIPPluginJar : add ddr_ctrl_phy
2024-08-15 01:58:15,430 [INFO] IPUIPlugin:80 - create IPUIPlugin
2024-08-15 01:58:15,431 [INFO] PluginManager:220 - loadIPPluginJar : add dfsdm
2024-08-15 01:58:15,443 [INFO] IPUIPlugin:80 - create IPUIPlugin
2024-08-15 01:58:15,443 [INFO] PluginManager:220 - loadIPPluginJar : add dma
2024-08-15 01:58:15,484 [INFO] IPUIPlugin:80 - create IPUIPlugin
2024-08-15 01:58:15,484 [INFO] PluginManager:220 - loadIPPluginJar : add dma3
2024-08-15 01:58:15,526 [INFO] IPUIPlugin:80 - create IPUIPlugin
2024-08-15 01:58:15,526 [INFO] PluginManager:220 - loadIPPluginJar : add extmemmanager
2024-08-15 01:58:15,546 [INFO] IPUIPlugin:80 - create IPUIPlugin
2024-08-15 01:58:15,547 [INFO] PluginManager:220 - loadIPPluginJar : add fatfs
2024-08-15 01:58:15,592 [INFO] IPUIPlugin:80 - create IPUIPlugin
2024-08-15 01:58:15,593 [INFO] PluginManager:220 - loadIPPluginJar : add fmc
2024-08-15 01:58:15,607 [INFO] IPUIPlugin:80 - create IPUIPlugin
2024-08-15 01:58:15,607 [INFO] PluginManager:220 - loadIPPluginJar : add freertos
2024-08-15 01:58:15,628 [INFO] IPUIPlugin:80 - create IPUIPlugin
2024-08-15 01:58:15,628 [INFO] PluginManager:220 - loadIPPluginJar : add genericplugin
2024-08-15 01:58:15,709 [INFO] IPUIPlugin:80 - create IPUIPlugin
2024-08-15 01:58:15,709 [INFO] PluginManager:220 - loadIPPluginJar : add gfxmmu
2024-08-15 01:58:15,822 [INFO] IPUIPlugin:80 - create IPUIPlugin
2024-08-15 01:58:15,822 [INFO] PluginManager:220 - loadIPPluginJar : add gic
2024-08-15 01:58:15,836 [INFO] IPUIPlugin:80 - create IPUIPlugin
2024-08-15 01:58:15,836 [INFO] PluginManager:220 - loadIPPluginJar : add gpio
2024-08-15 01:58:15,918 [INFO] IPUIPlugin:80 - create IPUIPlugin
2024-08-15 01:58:15,918 [INFO] PluginManager:220 - loadIPPluginJar : add gtzc
2024-08-15 01:58:15,951 [INFO] IPUIPlugin:80 - create IPUIPlugin
2024-08-15 01:58:15,952 [INFO] PluginManager:220 - loadIPPluginJar : add hash
2024-08-15 01:58:15,999 [INFO] IPUIPlugin:80 - create IPUIPlugin
2024-08-15 01:58:15,999 [INFO] PluginManager:220 - loadIPPluginJar : add i2c
2024-08-15 01:58:16,036 [INFO] IPUIPlugin:80 - create IPUIPlugin
2024-08-15 01:58:16,037 [INFO] PluginManager:220 - loadIPPluginJar : add i2s
2024-08-15 01:58:16,073 [INFO] IPUIPlugin:80 - create IPUIPlugin
2024-08-15 01:58:16,073 [INFO] PluginManager:220 - loadIPPluginJar : add i3c
2024-08-15 01:58:16,160 [INFO] IPUIPlugin:80 - create IPUIPlugin
2024-08-15 01:58:16,160 [INFO] PluginManager:220 - loadIPPluginJar : add ipddr
2024-08-15 01:58:16,237 [INFO] IPUIPlugin:80 - create IPUIPlugin
2024-08-15 01:58:16,237 [INFO] PluginManager:220 - loadIPPluginJar : add linkedlist
2024-08-15 01:58:16,270 [INFO] IPUIPlugin:80 - create IPUIPlugin
2024-08-15 01:58:16,270 [INFO] PluginManager:220 - loadIPPluginJar : add lorawan
2024-08-15 01:58:16,302 [INFO] IPUIPlugin:80 - create IPUIPlugin
2024-08-15 01:58:16,302 [INFO] PluginManager:220 - loadIPPluginJar : add ltdc
2024-08-15 01:58:16,316 [INFO] IPUIPlugin:80 - create IPUIPlugin
2024-08-15 01:58:16,316 [INFO] PluginManager:220 - loadIPPluginJar : add mdma
2024-08-15 01:58:16,329 [INFO] IPUIPlugin:80 - create IPUIPlugin
2024-08-15 01:58:16,329 [INFO] PluginManager:220 - loadIPPluginJar : add nvic
2024-08-15 01:58:16,364 [INFO] IPUIPlugin:80 - create IPUIPlugin
2024-08-15 01:58:16,364 [INFO] PluginManager:220 - loadIPPluginJar : add opamp
2024-08-15 01:58:16,419 [INFO] IPUIPlugin:80 - create IPUIPlugin
2024-08-15 01:58:16,419 [INFO] PluginManager:220 - loadIPPluginJar : add openamp
2024-08-15 01:58:16,455 [INFO] IPUIPlugin:80 - create IPUIPlugin
2024-08-15 01:58:16,455 [INFO] PluginManager:220 - loadIPPluginJar : add pdm2pcm
2024-08-15 01:58:16,470 [INFO] IPUIPlugin:80 - create IPUIPlugin
2024-08-15 01:58:16,471 [INFO] PluginManager:220 - loadIPPluginJar : add plateformsettings
2024-08-15 01:58:16,492 [INFO] IPUIPlugin:80 - create IPUIPlugin
2024-08-15 01:58:16,492 [INFO] PluginManager:220 - loadIPPluginJar : add quadspi
2024-08-15 01:58:16,526 [INFO] IPUIPlugin:80 - create IPUIPlugin
2024-08-15 01:58:16,527 [INFO] PluginManager:220 - loadIPPluginJar : add radio
2024-08-15 01:58:16,542 [INFO] IPUIPlugin:80 - create IPUIPlugin
2024-08-15 01:58:16,543 [INFO] PluginManager:220 - loadIPPluginJar : add resmgrutility
2024-08-15 01:58:16,597 [INFO] IPUIPlugin:80 - create IPUIPlugin
2024-08-15 01:58:16,597 [INFO] PluginManager:220 - loadIPPluginJar : add sai
2024-08-15 01:58:16,650 [INFO] IPUIPlugin:80 - create IPUIPlugin
2024-08-15 01:58:16,650 [INFO] PluginManager:220 - loadIPPluginJar : add spi
2024-08-15 01:58:16,724 [INFO] IPUIPlugin:80 - create IPUIPlugin
2024-08-15 01:58:16,724 [INFO] PluginManager:220 - loadIPPluginJar : add stm32_wpan
2024-08-15 01:58:16,750 [INFO] IPUIPlugin:80 - create IPUIPlugin
2024-08-15 01:58:16,751 [INFO] PluginManager:220 - loadIPPluginJar : add tim
2024-08-15 01:58:16,808 [INFO] IPUIPlugin:80 - create IPUIPlugin
2024-08-15 01:58:16,808 [INFO] PluginManager:220 - loadIPPluginJar : add touchsensing
2024-08-15 01:58:16,829 [INFO] IPUIPlugin:80 - create IPUIPlugin
2024-08-15 01:58:16,829 [INFO] PluginManager:220 - loadIPPluginJar : add tracer_emb
2024-08-15 01:58:16,851 [INFO] IPUIPlugin:80 - create IPUIPlugin
2024-08-15 01:58:16,851 [INFO] PluginManager:220 - loadIPPluginJar : add ts
2024-08-15 01:58:16,872 [INFO] IPUIPlugin:80 - create IPUIPlugin
2024-08-15 01:58:16,872 [INFO] PluginManager:220 - loadIPPluginJar : add tsc
2024-08-15 01:58:16,892 [INFO] IPUIPlugin:80 - create IPUIPlugin
2024-08-15 01:58:16,892 [INFO] PluginManager:220 - loadIPPluginJar : add ucpd
2024-08-15 01:58:16,935 [INFO] IPUIPlugin:80 - create IPUIPlugin
2024-08-15 01:58:16,935 [INFO] PluginManager:220 - loadIPPluginJar : add usart
2024-08-15 01:58:16,974 [INFO] IPUIPlugin:80 - create IPUIPlugin
2024-08-15 01:58:16,974 [INFO] PluginManager:220 - loadIPPluginJar : add usbx
2024-08-15 01:58:17,092 [INFO] CADModel:165 - CPN selected for project level
2024-08-15 01:58:17,093 [INFO] CADModel:114 - Register for checkConnection events
2024-08-15 01:58:17,093 [FATAL] Updater:334 - Updater called before beeing initialized
2024-08-15 01:58:17,093 [ERROR] CADModel:125 - Updater not yet initialized, retry later 
2024-08-15 01:58:17,208 [INFO] CADModel:165 - CPN selected for project level
2024-08-15 01:58:17,208 [INFO] CADModel:114 - Register for checkConnection events
2024-08-15 01:58:17,208 [FATAL] Updater:334 - Updater called before beeing initialized
2024-08-15 01:58:17,208 [ERROR] CADModel:125 - Updater not yet initialized, retry later 
2024-08-15 01:58:17,211 [FATAL] Updater:334 - Updater called before beeing initialized
2024-08-15 01:58:17,296 [FATAL] Updater:334 - Updater called before beeing initialized
2024-08-15 01:58:17,307 [INFO] DbMcusAds:53 - JSON generation date=Thu May 16 12:22:00 EEST 2024 (1715851320667)
2024-08-15 01:58:17,307 [FATAL] Updater:334 - Updater called before beeing initialized
2024-08-15 01:58:17,340 [WARN] DetailPanel:346 - Failed to get advertising image, set to default
2024-08-15 01:58:17,408 [FATAL] Updater:334 - Updater called before beeing initialized
2024-08-15 01:58:17,410 [FATAL] Updater:334 - Updater called before beeing initialized
2024-08-15 01:58:17,410 [FATAL] Updater:334 - Updater called before beeing initialized
2024-08-15 01:58:17,410 [WARN] DetailPanel:346 - Failed to get advertising image, set to default
2024-08-15 01:58:17,411 [FATAL] Updater:334 - Updater called before beeing initialized
2024-08-15 01:58:17,467 [ERROR] Updater:1164 - MainUpdater not yet initialized. External WinMGr cannot be set.
2024-08-15 01:58:17,479 [INFO] Updater:1100 - Updater Version found : 6.12.0
2024-08-15 01:58:17,494 [INFO] ApplicationProperties:184 - Using Application install path: C:\ST\STM32CubeIDE_1.16.0\STM32CubeIDE\plugins\com.st.stm32cube.common.mx_6.12.0.202406281431
2024-08-15 01:58:17,728 [INFO] ThirdPartyUpdaterWithRetryManager:70 - Updater plugin not ready yet. [2/15]
2024-08-15 01:58:19,077 [ERROR] LogOutputStream:75 - [STDERR_REDIRECT] Aug 15, 2024 1:58:19 AM java.util.prefs.WindowsPreferences <init>
2024-08-15 01:58:19,078 [ERROR] LogOutputStream:75 - [STDERR_REDIRECT] WARNING: Could not open/create prefs root node Software\JavaSoft\Prefs at root 0xffffffff80000002. Windows RegCreateKeyEx(...) returned error code 5.
2024-08-15 01:58:19,079 [ERROR] LogOutputStream:75 - [STDERR_REDIRECT] 
2024-08-15 01:58:19,550 [INFO] MainUpdater:2873 - connection check result : 10
2024-08-15 01:58:19,550 [INFO] MainUpdater:290 - Updater Check For Update Now.
2024-08-15 01:58:19,550 [INFO] MicroXplorer:498 - Change Database Version : DB.6.0.120
2024-08-15 01:58:19,566 [INFO] McuFinderGlobals:63 - Set McuFinder mode to 2 (CubeIDE integrated)
2024-08-15 01:58:19,573 [INFO] UserAuth:417 - Internet connection configuration mode: 1
2024-08-15 01:58:19,602 [INFO] JxBrowserEngine:152 - Initiate JxBrowser Engine with user profile folder
2024-08-15 01:58:19,741 [INFO] CheckServerUpdateThread:120 - End of CheckServer Thread
2024-08-15 01:58:20,929 [WARN] PackLoader:240 - Cannot read IP mode file for STMicroelectronics.FP-SNS-MOTENVWB1.1.4.0
2024-08-15 01:58:20,944 [WARN] PackLoader:240 - Cannot read IP mode file for STMicroelectronics.X-CUBE-SMBUS.2.1.0
2024-08-15 01:58:20,983 [WARN] PackLoader:240 - Cannot read IP mode file for STMicroelectronics.X-CUBE-AZRTOS-F7.1.1.0
2024-08-15 01:58:20,999 [WARN] PackLoader:240 - Cannot read IP mode file for STMicroelectronics.FP-SNS-FLIGHT1.5.0.2
2024-08-15 01:58:21,018 [WARN] PackLoader:240 - Cannot read IP mode file for STMicroelectronics.X-CUBE-DISPLAY.3.0.0
2024-08-15 01:58:21,039 [WARN] PackLoader:240 - Cannot read IP mode file for STMicroelectronics.X-CUBE-BLE1.7.0.0
2024-08-15 01:58:21,054 [WARN] PackLoader:240 - Cannot read IP mode file for emotas.I-CUBE-CANOPEN.1.3.0
2024-08-15 01:58:21,080 [WARN] PackLoader:240 - Cannot read IP mode file for STMicroelectronics.X-CUBE-BLEMGR.3.1.0
2024-08-15 01:58:21,098 [WARN] PackLoader:240 - Cannot read IP mode file for STMicroelectronics.FP-SNS-SMARTAG2.1.2.0
2024-08-15 01:58:21,118 [INFO] LogOutputStream:77 - [STDOUT_REDIRECT] 1 : Invalid condition id : UX_CORESTACK_Condition cause : null
2024-08-15 01:58:21,118 [INFO] LogOutputStream:77 - [STDOUT_REDIRECT] 1 : Invalid condition id : UX_CORESTACK_Condition cause : null
2024-08-15 01:58:21,119 [INFO] LogOutputStream:77 - [STDOUT_REDIRECT] 1 : Invalid condition id : UX_CORESTACK_Condition cause : null
2024-08-15 01:58:21,120 [INFO] LogOutputStream:77 - [STDOUT_REDIRECT] 1 : Invalid condition id : UX_CORESTACK_Condition cause : null
2024-08-15 01:58:21,120 [INFO] LogOutputStream:77 - [STDOUT_REDIRECT] 1 : Invalid condition id : UX_CORESTACK_Condition cause : null
2024-08-15 01:58:21,123 [WARN] PackLoader:240 - Cannot read IP mode file for STMicroelectronics.X-CUBE-AZRTOS-WL.2.0.0
2024-08-15 01:58:21,140 [WARN] PackLoader:240 - Cannot read IP mode file for STMicroelectronics.FP-SNS-MOTENV1.5.0.0
2024-08-15 01:58:21,154 [WARN] PackLoader:240 - Cannot read IP mode file for wolfSSL.I-CUBE-wolfMQTT.1.19.0
2024-08-15 01:58:21,170 [WARN] PackLoader:240 - Cannot read IP mode file for WES.I-CUBE-Cesium.1.3.0
2024-08-15 01:58:21,184 [WARN] PackLoader:240 - Cannot read IP mode file for STMicroelectronics.X-CUBE-BLE2.3.3.0
2024-08-15 01:58:21,198 [WARN] PackLoader:240 - Cannot read IP mode file for STMicroelectronics.X-CUBE-TCPP.4.1.0
2024-08-15 01:58:21,227 [WARN] PackLoader:240 - Cannot read IP mode file for STMicroelectronics.X-CUBE-AZRTOS-G0.1.1.0
2024-08-15 01:58:21,242 [WARN] PackLoader:240 - Cannot read IP mode file for STMicroelectronics.X-CUBE-SAFEA1.1.2.2
2024-08-15 01:58:21,255 [WARN] PackLoader:240 - Cannot read IP mode file for STMicroelectronics.X-CUBE-NFC4.3.0.0
2024-08-15 01:58:21,271 [WARN] PackLoader:240 - Cannot read IP mode file for EmbeddedOffice.I-CUBE-FS-RTOS.1.0.1
2024-08-15 01:58:21,272 [ERROR] ConditionMgr:805 - Attr not supported : Dmpu
2024-08-15 01:58:21,272 [ERROR] ConditionMgr:805 - Attr not supported : Dmpu
2024-08-15 01:58:21,272 [ERROR] ConditionMgr:805 - Attr not supported : Dmpu
2024-08-15 01:58:21,272 [ERROR] ConditionMgr:805 - Attr not supported : Dmpu
2024-08-15 01:58:21,272 [ERROR] ConditionMgr:805 - Attr not supported : Dmpu
2024-08-15 01:58:21,272 [ERROR] ConditionMgr:805 - Attr not supported : Dmpu
2024-08-15 01:58:21,272 [ERROR] ConditionMgr:805 - Attr not supported : Dmpu
2024-08-15 01:58:21,272 [ERROR] ConditionMgr:805 - Attr not supported : Dmpu
2024-08-15 01:58:21,272 [ERROR] ConditionMgr:805 - Attr not supported : Dmpu
2024-08-15 01:58:21,272 [ERROR] ConditionMgr:805 - Attr not supported : Dmpu
2024-08-15 01:58:21,272 [ERROR] ConditionMgr:805 - Attr not supported : Dmpu
2024-08-15 01:58:21,272 [ERROR] ConditionMgr:805 - Attr not supported : Dmpu
2024-08-15 01:58:21,272 [ERROR] ConditionMgr:805 - Attr not supported : Dmpu
2024-08-15 01:58:21,272 [ERROR] ConditionMgr:805 - Attr not supported : Dmpu
2024-08-15 01:58:21,272 [ERROR] ConditionMgr:805 - Attr not supported : Dmpu
2024-08-15 01:58:21,272 [ERROR] ConditionMgr:805 - Attr not supported : Dmpu
2024-08-15 01:58:21,272 [ERROR] ConditionMgr:805 - Attr not supported : Dmpu
2024-08-15 01:58:21,272 [ERROR] ConditionMgr:805 - Attr not supported : Dmpu
2024-08-15 01:58:21,273 [ERROR] ConditionMgr:805 - Attr not supported : Dmpu
2024-08-15 01:58:21,273 [ERROR] ConditionMgr:805 - Attr not supported : Dmpu
2024-08-15 01:58:21,273 [ERROR] ConditionMgr:805 - Attr not supported : Dmpu
2024-08-15 01:58:21,273 [ERROR] ConditionMgr:805 - Attr not supported : Dmpu
2024-08-15 01:58:21,273 [ERROR] ConditionMgr:805 - Attr not supported : Dmpu
2024-08-15 01:58:21,273 [ERROR] ConditionMgr:805 - Attr not supported : Dmpu
2024-08-15 01:58:21,273 [ERROR] ConditionMgr:805 - Attr not supported : Dmpu
2024-08-15 01:58:21,273 [ERROR] ConditionMgr:805 - Attr not supported : Dmpu
2024-08-15 01:58:21,273 [ERROR] ConditionMgr:805 - Attr not supported : Dmpu
2024-08-15 01:58:21,273 [ERROR] ConditionMgr:805 - Attr not supported : Dmpu
2024-08-15 01:58:21,273 [ERROR] ConditionMgr:805 - Attr not supported : Dmpu
2024-08-15 01:58:21,273 [ERROR] ConditionMgr:805 - Attr not supported : Dmpu
2024-08-15 01:58:21,273 [ERROR] ConditionMgr:805 - Attr not supported : Dmpu
2024-08-15 01:58:21,273 [ERROR] ConditionMgr:805 - Attr not supported : Dmpu
2024-08-15 01:58:21,273 [ERROR] ConditionMgr:805 - Attr not supported : Dmpu
2024-08-15 01:58:21,273 [ERROR] ConditionMgr:805 - Attr not supported : Dmpu
2024-08-15 01:58:21,273 [ERROR] ConditionMgr:805 - Attr not supported : Dmpu
2024-08-15 01:58:21,273 [ERROR] ConditionMgr:805 - Attr not supported : Dmpu
2024-08-15 01:58:21,273 [ERROR] ConditionMgr:805 - Attr not supported : Dmpu
2024-08-15 01:58:21,273 [ERROR] ConditionMgr:805 - Attr not supported : Dmpu
2024-08-15 01:58:21,273 [ERROR] ConditionMgr:805 - Attr not supported : Dmpu
2024-08-15 01:58:21,273 [ERROR] ConditionMgr:805 - Attr not supported : Dmpu
2024-08-15 01:58:21,274 [ERROR] ConditionMgr:805 - Attr not supported : Dmpu
2024-08-15 01:58:21,274 [ERROR] ConditionMgr:805 - Attr not supported : Dmpu
2024-08-15 01:58:21,274 [ERROR] ConditionMgr:805 - Attr not supported : Dmpu
2024-08-15 01:58:21,274 [ERROR] ConditionMgr:805 - Attr not supported : Dmpu
2024-08-15 01:58:21,274 [ERROR] ConditionMgr:805 - Attr not supported : Dmpu
2024-08-15 01:58:21,274 [ERROR] ConditionMgr:805 - Attr not supported : Dmpu
2024-08-15 01:58:21,274 [ERROR] ConditionMgr:805 - Attr not supported : Dmpu
2024-08-15 01:58:21,274 [ERROR] ConditionMgr:805 - Attr not supported : Dmpu
2024-08-15 01:58:21,274 [ERROR] ConditionMgr:805 - Attr not supported : Dmpu
2024-08-15 01:58:21,274 [ERROR] ConditionMgr:805 - Attr not supported : Dmpu
2024-08-15 01:58:21,274 [ERROR] ConditionMgr:805 - Attr not supported : Dmpu
2024-08-15 01:58:21,274 [ERROR] ConditionMgr:805 - Attr not supported : Dmpu
2024-08-15 01:58:21,274 [ERROR] ConditionMgr:805 - Attr not supported : Dmpu
2024-08-15 01:58:21,274 [ERROR] ConditionMgr:805 - Attr not supported : Dmpu
2024-08-15 01:58:21,274 [ERROR] ConditionMgr:805 - Attr not supported : Dmpu
2024-08-15 01:58:21,274 [ERROR] ConditionMgr:805 - Attr not supported : Dmpu
2024-08-15 01:58:21,274 [ERROR] ConditionMgr:805 - Attr not supported : Dmpu
2024-08-15 01:58:21,274 [ERROR] ConditionMgr:805 - Attr not supported : Dmpu
2024-08-15 01:58:21,274 [ERROR] ConditionMgr:805 - Attr not supported : Dmpu
2024-08-15 01:58:21,274 [ERROR] ConditionMgr:805 - Attr not supported : Dmpu
2024-08-15 01:58:21,274 [ERROR] ConditionMgr:805 - Attr not supported : Dmpu
2024-08-15 01:58:21,274 [ERROR] ConditionMgr:805 - Attr not supported : Dmpu
2024-08-15 01:58:21,274 [ERROR] ConditionMgr:805 - Attr not supported : Dmpu
2024-08-15 01:58:21,274 [ERROR] ConditionMgr:805 - Attr not supported : Dmpu
2024-08-15 01:58:21,288 [WARN] PackLoader:240 - Cannot read IP mode file for RealThread.X-CUBE-RT-Thread_Nano.4.1.1
2024-08-15 01:58:21,299 [WARN] PackLoader:240 - Cannot read IP mode file for wolfSSL.I-CUBE-wolfSSL.5.7.0
2024-08-15 01:58:21,312 [WARN] PackLoader:240 - Cannot read IP mode file for STMicroelectronics.FP-ATR-SIGFOX1.3.2.0
2024-08-15 01:58:21,325 [WARN] PackLoader:240 - Cannot read IP mode file for STMicroelectronics.X-CUBE-EEPRMA1.5.1.0
2024-08-15 01:58:21,340 [WARN] PackLoader:240 - Cannot read IP mode file for ITTIA_DB.I-CUBE-ITTIADB.8.9.0
2024-08-15 01:58:21,371 [WARN] PackLoader:240 - Cannot read IP mode file for SEGGER.I-CUBE-embOS.1.3.1
2024-08-15 01:58:21,407 [WARN] PackLoader:240 - Cannot read IP mode file for STMicroelectronics.X-CUBE-ALGOBUILD.1.4.0
2024-08-15 01:58:21,421 [WARN] PackLoader:240 - Cannot read IP mode file for STMicroelectronics.X-CUBE-GNSS1.6.0.0
2024-08-15 01:58:21,447 [WARN] PackLoader:240 - Cannot read IP mode file for STMicroelectronics.X-CUBE-AZRTOS-F4.1.1.0
2024-08-15 01:58:21,463 [WARN] PackLoader:240 - Cannot read IP mode file for STMicroelectronics.X-CUBE-FREERTOS.1.2.0
2024-08-15 01:58:21,493 [WARN] PackLoader:240 - Cannot read IP mode file for STMicroelectronics.X-CUBE-AZRTOS-L5.2.0.0
2024-08-15 01:58:21,509 [WARN] PackLoader:240 - Cannot read IP mode file for STMicroelectronics.X-CUBE-NFC6.3.1.0
2024-08-15 01:58:21,525 [WARN] PackLoader:240 - Cannot read IP mode file for STMicroelectronics.X-CUBE-DPower.1.2.0
2024-08-15 01:58:21,538 [WARN] PackLoader:240 - Cannot read IP mode file for STMicroelectronics.X-CUBE-AI.9.0.0
2024-08-15 01:58:21,552 [WARN] PackLoader:240 - Cannot read IP mode file for STMicroelectronics.X-CUBE-NFC7.1.0.1
2024-08-15 01:58:21,566 [WARN] PackLoader:240 - Cannot read IP mode file for wolfSSL.I-CUBE-wolfTPM.3.2.0
2024-08-15 01:58:21,592 [WARN] ConditionMgr:438 - getConditionDescription Invalid condition id : LAN8742 Phy interface Condition cause : null
2024-08-15 01:58:21,593 [WARN] PackLoader:240 - Cannot read IP mode file for STMicroelectronics.X-CUBE-AZRTOS-L4.2.0.0
2024-08-15 01:58:21,594 [WARN] ConditionMgr:1039 - genDependencies : Invalid condition id : LAN8742 Phy interface Condition cause : null
2024-08-15 01:58:21,594 [WARN] ConditionMgr:1039 - genDependencies : Invalid condition id : LAN8742 Phy interface Condition cause : null
2024-08-15 01:58:21,595 [WARN] ConditionMgr:1039 - genDependencies : Invalid condition id : LAN8742 Phy interface Condition cause : null
2024-08-15 01:58:21,611 [WARN] PackLoader:240 - Cannot read IP mode file for STMicroelectronics.X-CUBE-SFXS2LP1.4.0.0
2024-08-15 01:58:21,639 [WARN] PackLoader:240 - Cannot read IP mode file for STMicroelectronics.X-CUBE-AZRTOS-H7.3.3.0
2024-08-15 01:58:21,662 [WARN] ConditionMgr:438 - getConditionDescription Invalid condition id : UX DEVICE CLASS RTOS Condition cause : null
2024-08-15 01:58:21,662 [WARN] ConditionMgr:438 - getConditionDescription Invalid condition id : UX DEVICE CLASS RTOS Condition cause : null
2024-08-15 01:58:21,663 [WARN] PackLoader:240 - Cannot read IP mode file for STMicroelectronics.X-CUBE-AZRTOS-WB.2.0.0
2024-08-15 01:58:21,664 [WARN] ConditionMgr:1039 - genDependencies : Invalid condition id : UX DEVICE CLASS RTOS Condition cause : null
2024-08-15 01:58:21,664 [WARN] ConditionMgr:1039 - genDependencies : Invalid condition id : UX DEVICE CLASS RTOS Condition cause : null
2024-08-15 01:58:21,664 [WARN] ConditionMgr:1039 - genDependencies : Invalid condition id : UX DEVICE CLASS RTOS Condition cause : null
2024-08-15 01:58:21,664 [WARN] ConditionMgr:1039 - genDependencies : Invalid condition id : UX DEVICE CLASS RTOS Condition cause : null
2024-08-15 01:58:21,664 [WARN] ConditionMgr:1039 - genDependencies : Invalid condition id : UX DEVICE CLASS RTOS Condition cause : null
2024-08-15 01:58:21,679 [WARN] PackLoader:240 - Cannot read IP mode file for STMicroelectronics.FP-SNS-STBOX1.2.0.0
2024-08-15 01:58:21,697 [WARN] PackLoader:240 - Cannot read IP mode file for STMicroelectronics.X-CUBE-SUBG2.5.0.0
2024-08-15 01:58:21,713 [WARN] PackLoader:240 - Cannot read IP mode file for Cesanta.I-CUBE-Mongoose.7.13.0
2024-08-15 01:58:21,738 [WARN] PackLoader:240 - Cannot read IP mode file for STMicroelectronics.X-CUBE-AZRTOS-G4.2.0.0
2024-08-15 01:58:21,753 [WARN] PackLoader:240 - Cannot read IP mode file for STMicroelectronics.X-CUBE-ISPU.2.0.0
2024-08-15 01:58:21,767 [WARN] PackLoader:240 - Cannot read IP mode file for STMicroelectronics.X-CUBE-ALS.1.0.2
2024-08-15 01:58:21,803 [WARN] PackLoader:240 - Cannot read IP mode file for STMicroelectronics.X-CUBE-MEMS1.10.0.0
2024-08-15 01:58:21,875 [WARN] PackLoader:240 - Cannot read IP mode file for STMicroelectronics.X-CUBE-TOUCHGFX.4.24.0
2024-08-15 01:58:21,889 [WARN] PackLoader:240 - Cannot read IP mode file for portGmbH.I-Cube-SoM-uGOAL.1.1.0
2024-08-15 01:58:21,916 [WARN] PackLoader:240 - Cannot read IP mode file for STMicroelectronics.X-CUBE-AZRTOS-H7RS.1.0.0
2024-08-15 01:58:21,933 [WARN] PackLoader:240 - Cannot read IP mode file for STMicroelectronics.FP-ATR-ASTRA1.2.0.0
2024-08-15 01:58:21,952 [WARN] PackLoader:240 - Cannot read IP mode file for STMicroelectronics.X-CUBE-TOF1.3.4.2
2024-08-15 01:58:22,087 [WARN] PackLoader:240 - Cannot read IP mode file for STMicroelectronics.X-CUBE-TOF1.3.4.1
2024-08-15 01:58:22,122 [WARN] PackLoader:240 - Cannot read IP mode file for STMicroelectronics.X-CUBE-AZRTOS-H7.3.2.0
2024-08-15 01:58:22,147 [WARN] PackLoader:240 - Cannot read IP mode file for Infineon.AIROC-Wi-Fi-Bluetooth-STM32.1.6.0
2024-08-15 01:58:22,171 [WARN] PackLoader:240 - Cannot read IP mode file for wolfSSL.I-CUBE-wolfSSH.1.4.17
2024-08-15 01:58:22,172 [INFO] ThirdParty:978 - Integrity check success = true
2024-08-15 01:58:22,172 [INFO] IntegrityCheckThread:100 - exiting critical section [integrity check]
2024-08-15 01:58:22,173 [INFO] IntegrityCheckThread:103 - End integrity checks thread
2024-08-15 01:58:22,794 [INFO] WebApp:167 - Instantiating new browser for Auth
2024-08-15 01:58:23,512 [INFO] WebApp:448 - Apply proxy settings
2024-08-15 01:58:23,513 [INFO] WebApp:533 - Chromium requires no authentication
2024-08-15 01:58:23,523 [INFO] WebApp:476 - Direct internet connection detected
2024-08-15 01:58:23,554 [INFO] WebApp:869 - Register for checkConnection events
2024-08-15 01:58:23,554 [INFO] WebApp:448 - Apply proxy settings
2024-08-15 01:58:23,554 [INFO] WebApp:533 - Chromium requires no authentication
2024-08-15 01:58:23,555 [INFO] WebApp:476 - Direct internet connection detected
2024-08-15 01:58:23,725 [INFO] WebApp:220 - Starting web application
2024-08-15 01:58:23,725 [INFO] WebApp:578 - Web application path used C:\ST\STM32CubeIDE_1.16.0\STM32CubeIDE\plugins\com.st.stm32cube.common.mx_6.12.0.202406281431\db\plugins\mcufinder\reactClient1\index.html
2024-08-15 01:58:23,856 [INFO] UserAuth:417 - Internet connection configuration mode: 1
2024-08-15 01:58:23,911 [INFO] WebApp:186 - Connection restablished
2024-08-15 02:38:47,609 [ERROR] LogOutputStream:75 - [STDERR_REDIRECT] 
2024-08-15 02:38:55,571 [INFO] Activator:176 - 


2024-08-15 02:38:55,573 [INFO] Activator:177 - !SESSION log4j initialized
2024-08-15 02:38:59,806 [INFO] LogOutputStream:77 - [STDOUT_REDIRECT] 
