2024-08-14 18:15:55,721 [INFO] Activator:176 - 


2024-08-14 18:15:55,728 [INFO] Activator:177 - !SESSION log4j initialized
2024-08-14 18:16:01,191 [INFO] LogOutputStream:77 - [STDOUT_REDIRECT] 
2024-08-14 18:16:13,497 [INFO] ApplicationProperties:184 - Using Application install path: C:\ST\STM32CubeIDE_1.16.0\STM32CubeIDE\plugins\com.st.stm32cube.common.mx_6.12.0.202406281431
2024-08-14 18:16:13,519 [INFO] DbMcusXml:78 - Set database path to: C:\ST\STM32CubeIDE_1.16.0\STM32CubeIDE\plugins\com.st.stm32cube.common.mx_6.12.0.202406281431\\db\/mcu/
2024-08-14 18:16:13,520 [INFO] ApiDb:274 - Set plugin database path to: C:\ST\STM32CubeIDE_1.16.0\STM32CubeIDE\plugins\com.st.stm32cube.common.mx_6.12.0.202406281431\\db\/plugins/boardmanager/
2024-08-14 18:16:13,521 [WARN] ApiDb:259 - Overriding images path with different value:  => C:\ST\STM32CubeIDE_1.16.0\STM32CubeIDE\plugins\com.st.stm32cube.common.mx_6.12.0.202406281431\\db\/plugins/mcufinder/images/
2024-08-14 18:16:13,531 [INFO] ApiDb:250 - Set database path to: C:\Users\20128\.stmcufinder\plugins\mcufinder//mcu/
2024-08-14 18:16:13,532 [INFO] DbMcusAds:125 - Set database path to: C:\Users\20128\.stmcufinder\plugins\mcufinder//mcu/
2024-08-14 18:16:13,548 [INFO] CrossReferenceDbSqlite:203 - Set database path to: C:\Users\20128\.stmcufinder\plugins\mcufinder//mcu/cs/
2024-08-14 18:16:13,664 [INFO] RulesReader:64 - Compatibility file has been processed (297 Rules)
2024-08-14 18:16:13,750 [INFO] DbMcusXml:78 - Set database path to: C:\ST\STM32CubeIDE_1.16.0\STM32CubeIDE\plugins\com.st.stm32cube.common.mx_6.12.0.202406281431\\db\/mcu/
2024-08-14 18:16:13,750 [INFO] ApiDb:274 - Set plugin database path to: C:\ST\STM32CubeIDE_1.16.0\STM32CubeIDE\plugins\com.st.stm32cube.common.mx_6.12.0.202406281431\\db\/plugins/boardmanager/
2024-08-14 18:16:13,750 [INFO] ApiDb:261 - Set plugin images path to: C:\ST\STM32CubeIDE_1.16.0\STM32CubeIDE\plugins\com.st.stm32cube.common.mx_6.12.0.202406281431\\db\/plugins/mcufinder/images/
2024-08-14 18:16:13,751 [WARN] DbFile:41 - Overriding database path with different value: C:\Users\20128\.stmcufinder\plugins\mcufinder/ => C:\Users\20128\.stmcufinder\plugins\mcufinder
2024-08-14 18:16:13,751 [INFO] ApiDb:250 - Set database path to: C:\Users\20128\.stmcufinder\plugins\mcufinder//mcu/
2024-08-14 18:16:13,751 [WARN] DbFile:41 - Overriding database path with different value: C:\Users\20128\.stmcufinder\plugins\mcufinder/ => C:\Users\20128\.stmcufinder\plugins\mcufinder
2024-08-14 18:16:13,751 [INFO] DbMcusAds:125 - Set database path to: C:\Users\20128\.stmcufinder\plugins\mcufinder//mcu/
2024-08-14 18:16:13,751 [WARN] DbFile:41 - Overriding database path with different value: C:\Users\20128\.stmcufinder\plugins\mcufinder/ => C:\Users\20128\.stmcufinder\plugins\mcufinder
2024-08-14 18:16:13,751 [WARN] DbFile:41 - Overriding database path with different value: C:\Users\20128\.stmcufinder\plugins\mcufinder/ => C:\Users\20128\.stmcufinder\plugins\mcufinder
2024-08-14 18:16:13,751 [INFO] CrossReferenceDbSqlite:203 - Set database path to: C:\Users\20128\.stmcufinder\plugins\mcufinder//mcu/cs/
2024-08-14 18:16:13,843 [INFO] MainPanel:268 - HeapMemory: 268435456
2024-08-14 18:16:13,964 [INFO] DbMcusXml:78 - Set database path to: C:\ST\STM32CubeIDE_1.16.0\STM32CubeIDE\plugins\com.st.stm32cube.common.mx_6.12.0.202406281431\\db\/mcu/
2024-08-14 18:16:13,965 [INFO] ApiDb:274 - Set plugin database path to: C:\ST\STM32CubeIDE_1.16.0\STM32CubeIDE\plugins\com.st.stm32cube.common.mx_6.12.0.202406281431\\db\/plugins/boardmanager/
2024-08-14 18:16:13,965 [INFO] ApiDb:261 - Set plugin images path to: C:\ST\STM32CubeIDE_1.16.0\STM32CubeIDE\plugins\com.st.stm32cube.common.mx_6.12.0.202406281431\\db\/plugins/mcufinder/images/
2024-08-14 18:16:13,965 [WARN] DbFile:41 - Overriding database path with different value: C:\Users\20128\.stmcufinder\plugins\mcufinder/ => C:\Users\20128\.stmcufinder\plugins\mcufinder
2024-08-14 18:16:13,965 [INFO] ApiDb:250 - Set database path to: C:\Users\20128\.stmcufinder\plugins\mcufinder//mcu/
2024-08-14 18:16:13,965 [WARN] DbFile:41 - Overriding database path with different value: C:\Users\20128\.stmcufinder\plugins\mcufinder/ => C:\Users\20128\.stmcufinder\plugins\mcufinder
2024-08-14 18:16:13,966 [INFO] DbMcusAds:125 - Set database path to: C:\Users\20128\.stmcufinder\plugins\mcufinder//mcu/
2024-08-14 18:16:13,966 [WARN] DbFile:41 - Overriding database path with different value: C:\Users\20128\.stmcufinder\plugins\mcufinder/ => C:\Users\20128\.stmcufinder\plugins\mcufinder
2024-08-14 18:16:13,966 [WARN] DbFile:41 - Overriding database path with different value: C:\Users\20128\.stmcufinder\plugins\mcufinder/ => C:\Users\20128\.stmcufinder\plugins\mcufinder
2024-08-14 18:16:13,966 [INFO] CrossReferenceDbSqlite:203 - Set database path to: C:\Users\20128\.stmcufinder\plugins\mcufinder//mcu/cs/
2024-08-14 18:16:13,986 [INFO] ApplicationProperties:184 - Using Application install path: C:\ST\STM32CubeIDE_1.16.0\STM32CubeIDE\plugins\com.st.stm32cube.common.mx_6.12.0.202406281431
2024-08-14 18:16:13,987 [INFO] PluginManage:196 - Search for loadable plugins [exclusion list=, ]
2024-08-14 18:16:13,989 [INFO] PluginManage:310 - Check plugin analytics
2024-08-14 18:16:14,150 [INFO] AnalyticsPlugin:253 - Accepted Software Licenses: 
2024-08-14 18:16:14,151 [INFO] AnalyticsPlugin:255 - Accepted CMSIS Pack Licenses: 
2024-08-14 18:16:14,151 [INFO] AnalyticsPlugin:257 - Accepted Firmware Licenses: FW.F4.1.28.0
2024-08-14 18:16:14,153 [INFO] PluginManage:359 - Loaded plugin analytics (category:tool,tabindex:-1)
2024-08-14 18:16:14,153 [INFO] PluginManage:310 - Check plugin cadmodel
2024-08-14 18:16:14,170 [INFO] CADModel:105 - Init CAD model plugin
2024-08-14 18:16:14,170 [INFO] PluginManage:359 - Loaded plugin cadmodel (category:power,tabindex:5)
2024-08-14 18:16:14,170 [INFO] PluginManage:310 - Check plugin clock
2024-08-14 18:16:14,190 [INFO] PluginManage:359 - Loaded plugin clock (category:base,tabindex:2)
2024-08-14 18:16:14,190 [INFO] PluginManage:310 - Check plugin ddr
2024-08-14 18:16:14,193 [INFO] PluginManage:359 - Loaded plugin ddr (category:tool,tabindex:6)
2024-08-14 18:16:14,193 [INFO] PluginManage:310 - Check plugin filemanager
2024-08-14 18:16:14,334 [INFO] PluginManage:359 - Loaded plugin filemanager (category:base,tabindex:10)
2024-08-14 18:16:14,334 [INFO] PluginManage:310 - Check plugin ipmanager
2024-08-14 18:16:14,343 [INFO] PluginManage:359 - Loaded plugin ipmanager (category:base,tabindex:5)
2024-08-14 18:16:14,343 [INFO] PluginManage:310 - Check plugin lpbam
2024-08-14 18:16:14,362 [INFO] PluginManage:359 - Loaded plugin lpbam (category:base,tabindex:0)
2024-08-14 18:16:14,362 [INFO] PluginManage:310 - Check plugin memorymap
2024-08-14 18:16:14,387 [INFO] PluginManage:359 - Loaded plugin memorymap (category:base,tabindex:4)
2024-08-14 18:16:14,387 [INFO] PluginManage:310 - Check plugin pinoutandconfiguration
2024-08-14 18:16:14,404 [INFO] PluginManage:359 - Loaded plugin pinoutandconfiguration (category:base,tabindex:1)
2024-08-14 18:16:14,404 [INFO] PluginManage:310 - Check plugin pinoutconfig
2024-08-14 18:16:14,505 [WARN] SupportedApi:132 - Cannot load RTOS API schema: s4s-elt-must-match.1: The content of 'definitions' must match (annotation?, (simpleType | complexType)?, (unique | key | keyref)*)). A problem was found starting at: attribute.
2024-08-14 18:16:14,647 [INFO] PluginManage:359 - Loaded plugin pinoutconfig (category:base,tabindex:0)
2024-08-14 18:16:14,647 [INFO] PluginManage:310 - Check plugin power
2024-08-14 18:16:14,668 [INFO] PluginManage:359 - Loaded plugin power (category:power,tabindex:4)
2024-08-14 18:16:14,668 [INFO] PluginManage:310 - Check plugin projectmanager
2024-08-14 18:16:14,685 [INFO] PluginManage:359 - Loaded plugin projectmanager (category:projectmanager,tabindex:4)
2024-08-14 18:16:14,685 [INFO] PluginManage:310 - Check plugin rif
2024-08-14 18:16:14,703 [INFO] PluginManage:359 - Loaded plugin rif (category:base,tabindex:3)
2024-08-14 18:16:14,703 [INFO] PluginManage:310 - Check plugin thirdparty
2024-08-14 18:16:15,000 [INFO] PluginManage:359 - Loaded plugin thirdparty (category:base,tabindex:-1)
2024-08-14 18:16:15,000 [WARN] IntegrityCheckThread:84 - waiting for thirdparty lock release [integrity check]
2024-08-14 18:16:15,000 [INFO] IntegrityCheckThread:86 - entering critical section [integrity check]
2024-08-14 18:16:15,000 [INFO] PluginManage:310 - Check plugin tools
2024-08-14 18:16:15,001 [INFO] ThirdPartyUpdaterWithRetryManager:70 - Updater plugin not ready yet. [1/15]
2024-08-14 18:16:15,038 [INFO] PluginManage:359 - Loaded plugin tools (category:base,tabindex:7)
2024-08-14 18:16:15,038 [INFO] PluginManage:310 - Check plugin tutovideos
2024-08-14 18:16:15,234 [INFO] PluginManage:359 - Loaded plugin tutovideos (category:base,tabindex:-1)
2024-08-14 18:16:15,234 [INFO] PluginManage:310 - Check plugin updater
2024-08-14 18:16:15,252 [INFO] PluginManage:359 - Loaded plugin updater (category:base,tabindex:12)
2024-08-14 18:16:15,252 [INFO] PluginManage:310 - Check plugin userauth
2024-08-14 18:16:15,258 [INFO] UserAuth:113 - Init User Auth plugin
2024-08-14 18:16:15,258 [INFO] PluginManage:359 - Loaded plugin userauth (category:base,tabindex:14)
2024-08-14 18:16:15,259 [INFO] PluginManage:283 - PluginManage : Loaded plugins [18]
2024-08-14 18:16:15,492 [INFO] PinOutPanel:1561 - setPackage(No Configuration,No Configuration)
2024-08-14 18:16:15,591 [INFO] CADModel:165 - CPN selected for project level
2024-08-14 18:16:15,592 [INFO] CADModel:114 - Register for checkConnection events
2024-08-14 18:16:15,619 [INFO] IPUIPlugin:80 - create IPUIPlugin
2024-08-14 18:16:15,620 [INFO] PluginManager:220 - loadIPPluginJar : add adc
2024-08-14 18:16:15,655 [INFO] IPUIPlugin:80 - create IPUIPlugin
2024-08-14 18:16:15,655 [INFO] PluginManager:220 - loadIPPluginJar : add aes
2024-08-14 18:16:15,698 [INFO] IPUIPlugin:80 - create IPUIPlugin
2024-08-14 18:16:15,698 [INFO] PluginManager:220 - loadIPPluginJar : add can
2024-08-14 18:16:15,723 [INFO] IPUIPlugin:80 - create IPUIPlugin
2024-08-14 18:16:15,723 [INFO] PluginManager:220 - loadIPPluginJar : add comp
2024-08-14 18:16:15,761 [INFO] IPUIPlugin:80 - create IPUIPlugin
2024-08-14 18:16:15,762 [INFO] PluginManager:220 - loadIPPluginJar : add cryp
2024-08-14 18:16:15,776 [INFO] IPUIPlugin:80 - create IPUIPlugin
2024-08-14 18:16:15,776 [INFO] PluginManager:220 - loadIPPluginJar : add ddr_ctrl_phy
2024-08-14 18:16:15,812 [INFO] IPUIPlugin:80 - create IPUIPlugin
2024-08-14 18:16:15,812 [INFO] PluginManager:220 - loadIPPluginJar : add dfsdm
2024-08-14 18:16:15,828 [INFO] IPUIPlugin:80 - create IPUIPlugin
2024-08-14 18:16:15,828 [INFO] PluginManager:220 - loadIPPluginJar : add dma
2024-08-14 18:16:15,872 [INFO] IPUIPlugin:80 - create IPUIPlugin
2024-08-14 18:16:15,872 [INFO] PluginManager:220 - loadIPPluginJar : add dma3
2024-08-14 18:16:15,921 [INFO] IPUIPlugin:80 - create IPUIPlugin
2024-08-14 18:16:15,921 [INFO] PluginManager:220 - loadIPPluginJar : add extmemmanager
2024-08-14 18:16:15,950 [INFO] IPUIPlugin:80 - create IPUIPlugin
2024-08-14 18:16:15,951 [INFO] PluginManager:220 - loadIPPluginJar : add fatfs
2024-08-14 18:16:15,995 [INFO] IPUIPlugin:80 - create IPUIPlugin
2024-08-14 18:16:15,996 [INFO] PluginManager:220 - loadIPPluginJar : add fmc
2024-08-14 18:16:16,012 [INFO] IPUIPlugin:80 - create IPUIPlugin
2024-08-14 18:16:16,012 [INFO] PluginManager:220 - loadIPPluginJar : add freertos
2024-08-14 18:16:16,036 [INFO] IPUIPlugin:80 - create IPUIPlugin
2024-08-14 18:16:16,036 [INFO] PluginManager:220 - loadIPPluginJar : add genericplugin
2024-08-14 18:16:16,131 [INFO] IPUIPlugin:80 - create IPUIPlugin
2024-08-14 18:16:16,131 [INFO] PluginManager:220 - loadIPPluginJar : add gfxmmu
2024-08-14 18:16:16,265 [INFO] IPUIPlugin:80 - create IPUIPlugin
2024-08-14 18:16:16,265 [INFO] PluginManager:220 - loadIPPluginJar : add gic
2024-08-14 18:16:16,280 [INFO] IPUIPlugin:80 - create IPUIPlugin
2024-08-14 18:16:16,280 [INFO] PluginManager:220 - loadIPPluginJar : add gpio
2024-08-14 18:16:16,368 [INFO] IPUIPlugin:80 - create IPUIPlugin
2024-08-14 18:16:16,369 [INFO] PluginManager:220 - loadIPPluginJar : add gtzc
2024-08-14 18:16:16,403 [INFO] IPUIPlugin:80 - create IPUIPlugin
2024-08-14 18:16:16,403 [INFO] PluginManager:220 - loadIPPluginJar : add hash
2024-08-14 18:16:16,461 [INFO] IPUIPlugin:80 - create IPUIPlugin
2024-08-14 18:16:16,461 [INFO] PluginManager:220 - loadIPPluginJar : add i2c
2024-08-14 18:16:16,503 [INFO] IPUIPlugin:80 - create IPUIPlugin
2024-08-14 18:16:16,503 [INFO] PluginManager:220 - loadIPPluginJar : add i2s
2024-08-14 18:16:16,546 [INFO] IPUIPlugin:80 - create IPUIPlugin
2024-08-14 18:16:16,546 [INFO] PluginManager:220 - loadIPPluginJar : add i3c
2024-08-14 18:16:16,649 [INFO] IPUIPlugin:80 - create IPUIPlugin
2024-08-14 18:16:16,649 [INFO] PluginManager:220 - loadIPPluginJar : add ipddr
2024-08-14 18:16:16,744 [INFO] IPUIPlugin:80 - create IPUIPlugin
2024-08-14 18:16:16,745 [INFO] PluginManager:220 - loadIPPluginJar : add linkedlist
2024-08-14 18:16:16,784 [INFO] IPUIPlugin:80 - create IPUIPlugin
2024-08-14 18:16:16,784 [INFO] PluginManager:220 - loadIPPluginJar : add lorawan
2024-08-14 18:16:16,823 [INFO] IPUIPlugin:80 - create IPUIPlugin
2024-08-14 18:16:16,824 [INFO] PluginManager:220 - loadIPPluginJar : add ltdc
2024-08-14 18:16:16,838 [INFO] IPUIPlugin:80 - create IPUIPlugin
2024-08-14 18:16:16,839 [INFO] PluginManager:220 - loadIPPluginJar : add mdma
2024-08-14 18:16:16,852 [INFO] IPUIPlugin:80 - create IPUIPlugin
2024-08-14 18:16:16,852 [INFO] PluginManager:220 - loadIPPluginJar : add nvic
2024-08-14 18:16:16,891 [INFO] IPUIPlugin:80 - create IPUIPlugin
2024-08-14 18:16:16,891 [INFO] PluginManager:220 - loadIPPluginJar : add opamp
2024-08-14 18:16:16,958 [INFO] IPUIPlugin:80 - create IPUIPlugin
2024-08-14 18:16:16,958 [INFO] PluginManager:220 - loadIPPluginJar : add openamp
2024-08-14 18:16:17,004 [INFO] IPUIPlugin:80 - create IPUIPlugin
2024-08-14 18:16:17,004 [INFO] PluginManager:220 - loadIPPluginJar : add pdm2pcm
2024-08-14 18:16:17,020 [INFO] IPUIPlugin:80 - create IPUIPlugin
2024-08-14 18:16:17,023 [INFO] PluginManager:220 - loadIPPluginJar : add plateformsettings
2024-08-14 18:16:17,047 [INFO] IPUIPlugin:80 - create IPUIPlugin
2024-08-14 18:16:17,047 [INFO] PluginManager:220 - loadIPPluginJar : add quadspi
2024-08-14 18:16:17,078 [INFO] IPUIPlugin:80 - create IPUIPlugin
2024-08-14 18:16:17,079 [INFO] PluginManager:220 - loadIPPluginJar : add radio
2024-08-14 18:16:17,093 [INFO] IPUIPlugin:80 - create IPUIPlugin
2024-08-14 18:16:17,093 [INFO] PluginManager:220 - loadIPPluginJar : add resmgrutility
2024-08-14 18:16:17,147 [INFO] IPUIPlugin:80 - create IPUIPlugin
2024-08-14 18:16:17,148 [INFO] PluginManager:220 - loadIPPluginJar : add sai
2024-08-14 18:16:17,191 [INFO] IPUIPlugin:80 - create IPUIPlugin
2024-08-14 18:16:17,192 [INFO] PluginManager:220 - loadIPPluginJar : add spi
2024-08-14 18:16:17,265 [INFO] IPUIPlugin:80 - create IPUIPlugin
2024-08-14 18:16:17,266 [INFO] PluginManager:220 - loadIPPluginJar : add stm32_wpan
2024-08-14 18:16:17,293 [INFO] IPUIPlugin:80 - create IPUIPlugin
2024-08-14 18:16:17,294 [INFO] PluginManager:220 - loadIPPluginJar : add tim
2024-08-14 18:16:17,362 [INFO] IPUIPlugin:80 - create IPUIPlugin
2024-08-14 18:16:17,362 [INFO] PluginManager:220 - loadIPPluginJar : add touchsensing
2024-08-14 18:16:17,388 [INFO] IPUIPlugin:80 - create IPUIPlugin
2024-08-14 18:16:17,388 [INFO] PluginManager:220 - loadIPPluginJar : add tracer_emb
2024-08-14 18:16:17,416 [INFO] IPUIPlugin:80 - create IPUIPlugin
2024-08-14 18:16:17,416 [INFO] PluginManager:220 - loadIPPluginJar : add ts
2024-08-14 18:16:17,443 [INFO] IPUIPlugin:80 - create IPUIPlugin
2024-08-14 18:16:17,443 [INFO] PluginManager:220 - loadIPPluginJar : add tsc
2024-08-14 18:16:17,467 [INFO] IPUIPlugin:80 - create IPUIPlugin
2024-08-14 18:16:17,467 [INFO] PluginManager:220 - loadIPPluginJar : add ucpd
2024-08-14 18:16:17,515 [INFO] IPUIPlugin:80 - create IPUIPlugin
2024-08-14 18:16:17,515 [INFO] PluginManager:220 - loadIPPluginJar : add usart
2024-08-14 18:16:17,562 [INFO] IPUIPlugin:80 - create IPUIPlugin
2024-08-14 18:16:17,562 [INFO] PluginManager:220 - loadIPPluginJar : add usbx
2024-08-14 18:16:17,687 [INFO] CADModel:165 - CPN selected for project level
2024-08-14 18:16:17,687 [INFO] CADModel:114 - Register for checkConnection events
2024-08-14 18:16:17,688 [FATAL] Updater:334 - Updater called before beeing initialized
2024-08-14 18:16:17,688 [ERROR] CADModel:125 - Updater not yet initialized, retry later 
2024-08-14 18:16:17,814 [INFO] CADModel:165 - CPN selected for project level
2024-08-14 18:16:17,814 [INFO] CADModel:114 - Register for checkConnection events
2024-08-14 18:16:17,814 [FATAL] Updater:334 - Updater called before beeing initialized
2024-08-14 18:16:17,814 [ERROR] CADModel:125 - Updater not yet initialized, retry later 
2024-08-14 18:16:17,817 [FATAL] Updater:334 - Updater called before beeing initialized
2024-08-14 18:16:17,911 [FATAL] Updater:334 - Updater called before beeing initialized
2024-08-14 18:16:17,922 [INFO] DbMcusAds:53 - JSON generation date=Thu May 16 12:22:00 EEST 2024 (1715851320667)
2024-08-14 18:16:17,923 [FATAL] Updater:334 - Updater called before beeing initialized
2024-08-14 18:16:17,960 [WARN] DetailPanel:346 - Failed to get advertising image, set to default
2024-08-14 18:16:18,001 [INFO] ThirdPartyUpdaterWithRetryManager:70 - Updater plugin not ready yet. [2/15]
2024-08-14 18:16:18,052 [FATAL] Updater:334 - Updater called before beeing initialized
2024-08-14 18:16:18,054 [FATAL] Updater:334 - Updater called before beeing initialized
2024-08-14 18:16:18,054 [FATAL] Updater:334 - Updater called before beeing initialized
2024-08-14 18:16:18,054 [WARN] DetailPanel:346 - Failed to get advertising image, set to default
2024-08-14 18:16:18,055 [FATAL] Updater:334 - Updater called before beeing initialized
2024-08-14 18:16:18,114 [ERROR] Updater:1164 - MainUpdater not yet initialized. External WinMGr cannot be set.
2024-08-14 18:16:18,126 [INFO] Updater:1100 - Updater Version found : 6.12.0
2024-08-14 18:16:18,145 [INFO] ApplicationProperties:184 - Using Application install path: C:\ST\STM32CubeIDE_1.16.0\STM32CubeIDE\plugins\com.st.stm32cube.common.mx_6.12.0.202406281431
2024-08-14 18:16:19,729 [ERROR] LogOutputStream:75 - [STDERR_REDIRECT] Aug 14, 2024 6:16:19 PM java.util.prefs.WindowsPreferences <init>
2024-08-14 18:16:19,730 [ERROR] LogOutputStream:75 - [STDERR_REDIRECT] WARNING: Could not open/create prefs root node Software\JavaSoft\Prefs at root 0xffffffff80000002. Windows RegCreateKeyEx(...) returned error code 5.
2024-08-14 18:16:19,730 [ERROR] LogOutputStream:75 - [STDERR_REDIRECT] 
2024-08-14 18:16:20,250 [INFO] MainUpdater:2873 - connection check result : 10
2024-08-14 18:16:20,251 [INFO] MainUpdater:290 - Updater Check For Update Now.
2024-08-14 18:16:20,251 [INFO] MicroXplorer:498 - Change Database Version : DB.6.0.120
2024-08-14 18:16:20,268 [INFO] McuFinderGlobals:63 - Set McuFinder mode to 2 (CubeIDE integrated)
2024-08-14 18:16:20,275 [INFO] UserAuth:417 - Internet connection configuration mode: 1
2024-08-14 18:16:20,314 [INFO] JxBrowserEngine:152 - Initiate JxBrowser Engine with user profile folder
2024-08-14 18:16:20,445 [INFO] CheckServerUpdateThread:120 - End of CheckServer Thread
2024-08-14 18:16:21,208 [WARN] PackLoader:240 - Cannot read IP mode file for STMicroelectronics.FP-SNS-MOTENVWB1.1.4.0
2024-08-14 18:16:21,229 [WARN] PackLoader:240 - Cannot read IP mode file for STMicroelectronics.X-CUBE-SMBUS.2.1.0
2024-08-14 18:16:21,272 [WARN] PackLoader:240 - Cannot read IP mode file for STMicroelectronics.X-CUBE-AZRTOS-F7.1.1.0
2024-08-14 18:16:21,294 [WARN] PackLoader:240 - Cannot read IP mode file for STMicroelectronics.FP-SNS-FLIGHT1.5.0.2
2024-08-14 18:16:21,314 [WARN] PackLoader:240 - Cannot read IP mode file for STMicroelectronics.X-CUBE-DISPLAY.3.0.0
2024-08-14 18:16:21,335 [WARN] PackLoader:240 - Cannot read IP mode file for STMicroelectronics.X-CUBE-BLE1.7.0.0
2024-08-14 18:16:21,351 [WARN] PackLoader:240 - Cannot read IP mode file for emotas.I-CUBE-CANOPEN.1.3.0
2024-08-14 18:16:21,371 [WARN] PackLoader:240 - Cannot read IP mode file for STMicroelectronics.X-CUBE-BLEMGR.3.1.0
2024-08-14 18:16:21,388 [WARN] PackLoader:240 - Cannot read IP mode file for STMicroelectronics.FP-SNS-SMARTAG2.1.2.0
2024-08-14 18:16:21,407 [INFO] LogOutputStream:77 - [STDOUT_REDIRECT] 1 : Invalid condition id : UX_CORESTACK_Condition cause : null
2024-08-14 18:16:21,408 [INFO] LogOutputStream:77 - [STDOUT_REDIRECT] 1 : Invalid condition id : UX_CORESTACK_Condition cause : null
2024-08-14 18:16:21,409 [INFO] LogOutputStream:77 - [STDOUT_REDIRECT] 1 : Invalid condition id : UX_CORESTACK_Condition cause : null
2024-08-14 18:16:21,409 [INFO] LogOutputStream:77 - [STDOUT_REDIRECT] 1 : Invalid condition id : UX_CORESTACK_Condition cause : null
2024-08-14 18:16:21,410 [INFO] LogOutputStream:77 - [STDOUT_REDIRECT] 1 : Invalid condition id : UX_CORESTACK_Condition cause : null
2024-08-14 18:16:21,412 [WARN] PackLoader:240 - Cannot read IP mode file for STMicroelectronics.X-CUBE-AZRTOS-WL.2.0.0
2024-08-14 18:16:21,427 [WARN] PackLoader:240 - Cannot read IP mode file for STMicroelectronics.FP-SNS-MOTENV1.5.0.0
2024-08-14 18:16:21,442 [WARN] PackLoader:240 - Cannot read IP mode file for wolfSSL.I-CUBE-wolfMQTT.1.19.0
2024-08-14 18:16:21,459 [WARN] PackLoader:240 - Cannot read IP mode file for WES.I-CUBE-Cesium.1.3.0
2024-08-14 18:16:21,473 [WARN] PackLoader:240 - Cannot read IP mode file for STMicroelectronics.X-CUBE-BLE2.3.3.0
2024-08-14 18:16:21,487 [WARN] PackLoader:240 - Cannot read IP mode file for STMicroelectronics.X-CUBE-TCPP.4.1.0
2024-08-14 18:16:21,516 [WARN] PackLoader:240 - Cannot read IP mode file for STMicroelectronics.X-CUBE-AZRTOS-G0.1.1.0
2024-08-14 18:16:21,534 [WARN] PackLoader:240 - Cannot read IP mode file for STMicroelectronics.X-CUBE-SAFEA1.1.2.2
2024-08-14 18:16:21,553 [WARN] PackLoader:240 - Cannot read IP mode file for STMicroelectronics.X-CUBE-NFC4.3.0.0
2024-08-14 18:16:21,572 [WARN] PackLoader:240 - Cannot read IP mode file for EmbeddedOffice.I-CUBE-FS-RTOS.1.0.1
2024-08-14 18:16:21,572 [ERROR] ConditionMgr:805 - Attr not supported : Dmpu
2024-08-14 18:16:21,572 [ERROR] ConditionMgr:805 - Attr not supported : Dmpu
2024-08-14 18:16:21,572 [ERROR] ConditionMgr:805 - Attr not supported : Dmpu
2024-08-14 18:16:21,572 [ERROR] ConditionMgr:805 - Attr not supported : Dmpu
2024-08-14 18:16:21,572 [ERROR] ConditionMgr:805 - Attr not supported : Dmpu
2024-08-14 18:16:21,573 [ERROR] ConditionMgr:805 - Attr not supported : Dmpu
2024-08-14 18:16:21,573 [ERROR] ConditionMgr:805 - Attr not supported : Dmpu
2024-08-14 18:16:21,573 [ERROR] ConditionMgr:805 - Attr not supported : Dmpu
2024-08-14 18:16:21,573 [ERROR] ConditionMgr:805 - Attr not supported : Dmpu
2024-08-14 18:16:21,573 [ERROR] ConditionMgr:805 - Attr not supported : Dmpu
2024-08-14 18:16:21,573 [ERROR] ConditionMgr:805 - Attr not supported : Dmpu
2024-08-14 18:16:21,573 [ERROR] ConditionMgr:805 - Attr not supported : Dmpu
2024-08-14 18:16:21,573 [ERROR] ConditionMgr:805 - Attr not supported : Dmpu
2024-08-14 18:16:21,573 [ERROR] ConditionMgr:805 - Attr not supported : Dmpu
2024-08-14 18:16:21,573 [ERROR] ConditionMgr:805 - Attr not supported : Dmpu
2024-08-14 18:16:21,573 [ERROR] ConditionMgr:805 - Attr not supported : Dmpu
2024-08-14 18:16:21,573 [ERROR] ConditionMgr:805 - Attr not supported : Dmpu
2024-08-14 18:16:21,573 [ERROR] ConditionMgr:805 - Attr not supported : Dmpu
2024-08-14 18:16:21,573 [ERROR] ConditionMgr:805 - Attr not supported : Dmpu
2024-08-14 18:16:21,573 [ERROR] ConditionMgr:805 - Attr not supported : Dmpu
2024-08-14 18:16:21,573 [ERROR] ConditionMgr:805 - Attr not supported : Dmpu
2024-08-14 18:16:21,573 [ERROR] ConditionMgr:805 - Attr not supported : Dmpu
2024-08-14 18:16:21,573 [ERROR] ConditionMgr:805 - Attr not supported : Dmpu
2024-08-14 18:16:21,573 [ERROR] ConditionMgr:805 - Attr not supported : Dmpu
2024-08-14 18:16:21,573 [ERROR] ConditionMgr:805 - Attr not supported : Dmpu
2024-08-14 18:16:21,573 [ERROR] ConditionMgr:805 - Attr not supported : Dmpu
2024-08-14 18:16:21,573 [ERROR] ConditionMgr:805 - Attr not supported : Dmpu
2024-08-14 18:16:21,574 [ERROR] ConditionMgr:805 - Attr not supported : Dmpu
2024-08-14 18:16:21,574 [ERROR] ConditionMgr:805 - Attr not supported : Dmpu
2024-08-14 18:16:21,574 [ERROR] ConditionMgr:805 - Attr not supported : Dmpu
2024-08-14 18:16:21,574 [ERROR] ConditionMgr:805 - Attr not supported : Dmpu
2024-08-14 18:16:21,574 [ERROR] ConditionMgr:805 - Attr not supported : Dmpu
2024-08-14 18:16:21,574 [ERROR] ConditionMgr:805 - Attr not supported : Dmpu
2024-08-14 18:16:21,574 [ERROR] ConditionMgr:805 - Attr not supported : Dmpu
2024-08-14 18:16:21,574 [ERROR] ConditionMgr:805 - Attr not supported : Dmpu
2024-08-14 18:16:21,574 [ERROR] ConditionMgr:805 - Attr not supported : Dmpu
2024-08-14 18:16:21,574 [ERROR] ConditionMgr:805 - Attr not supported : Dmpu
2024-08-14 18:16:21,574 [ERROR] ConditionMgr:805 - Attr not supported : Dmpu
2024-08-14 18:16:21,574 [ERROR] ConditionMgr:805 - Attr not supported : Dmpu
2024-08-14 18:16:21,574 [ERROR] ConditionMgr:805 - Attr not supported : Dmpu
2024-08-14 18:16:21,574 [ERROR] ConditionMgr:805 - Attr not supported : Dmpu
2024-08-14 18:16:21,574 [ERROR] ConditionMgr:805 - Attr not supported : Dmpu
2024-08-14 18:16:21,574 [ERROR] ConditionMgr:805 - Attr not supported : Dmpu
2024-08-14 18:16:21,574 [ERROR] ConditionMgr:805 - Attr not supported : Dmpu
2024-08-14 18:16:21,574 [ERROR] ConditionMgr:805 - Attr not supported : Dmpu
2024-08-14 18:16:21,574 [ERROR] ConditionMgr:805 - Attr not supported : Dmpu
2024-08-14 18:16:21,574 [ERROR] ConditionMgr:805 - Attr not supported : Dmpu
2024-08-14 18:16:21,575 [ERROR] ConditionMgr:805 - Attr not supported : Dmpu
2024-08-14 18:16:21,575 [ERROR] ConditionMgr:805 - Attr not supported : Dmpu
2024-08-14 18:16:21,575 [ERROR] ConditionMgr:805 - Attr not supported : Dmpu
2024-08-14 18:16:21,575 [ERROR] ConditionMgr:805 - Attr not supported : Dmpu
2024-08-14 18:16:21,575 [ERROR] ConditionMgr:805 - Attr not supported : Dmpu
2024-08-14 18:16:21,575 [ERROR] ConditionMgr:805 - Attr not supported : Dmpu
2024-08-14 18:16:21,575 [ERROR] ConditionMgr:805 - Attr not supported : Dmpu
2024-08-14 18:16:21,575 [ERROR] ConditionMgr:805 - Attr not supported : Dmpu
2024-08-14 18:16:21,575 [ERROR] ConditionMgr:805 - Attr not supported : Dmpu
2024-08-14 18:16:21,575 [ERROR] ConditionMgr:805 - Attr not supported : Dmpu
2024-08-14 18:16:21,575 [ERROR] ConditionMgr:805 - Attr not supported : Dmpu
2024-08-14 18:16:21,575 [ERROR] ConditionMgr:805 - Attr not supported : Dmpu
2024-08-14 18:16:21,575 [ERROR] ConditionMgr:805 - Attr not supported : Dmpu
2024-08-14 18:16:21,575 [ERROR] ConditionMgr:805 - Attr not supported : Dmpu
2024-08-14 18:16:21,575 [ERROR] ConditionMgr:805 - Attr not supported : Dmpu
2024-08-14 18:16:21,575 [ERROR] ConditionMgr:805 - Attr not supported : Dmpu
2024-08-14 18:16:21,575 [ERROR] ConditionMgr:805 - Attr not supported : Dmpu
2024-08-14 18:16:21,590 [WARN] PackLoader:240 - Cannot read IP mode file for RealThread.X-CUBE-RT-Thread_Nano.4.1.1
2024-08-14 18:16:21,616 [WARN] PackLoader:240 - Cannot read IP mode file for wolfSSL.I-CUBE-wolfSSL.5.7.0
2024-08-14 18:16:21,630 [WARN] PackLoader:240 - Cannot read IP mode file for STMicroelectronics.FP-ATR-SIGFOX1.3.2.0
2024-08-14 18:16:21,645 [WARN] PackLoader:240 - Cannot read IP mode file for STMicroelectronics.X-CUBE-EEPRMA1.5.1.0
2024-08-14 18:16:21,661 [WARN] PackLoader:240 - Cannot read IP mode file for ITTIA_DB.I-CUBE-ITTIADB.8.9.0
2024-08-14 18:16:21,699 [WARN] PackLoader:240 - Cannot read IP mode file for SEGGER.I-CUBE-embOS.1.3.1
2024-08-14 18:16:21,741 [WARN] PackLoader:240 - Cannot read IP mode file for STMicroelectronics.X-CUBE-ALGOBUILD.1.4.0
2024-08-14 18:16:21,756 [WARN] PackLoader:240 - Cannot read IP mode file for STMicroelectronics.X-CUBE-GNSS1.6.0.0
2024-08-14 18:16:21,782 [WARN] PackLoader:240 - Cannot read IP mode file for STMicroelectronics.X-CUBE-AZRTOS-F4.1.1.0
2024-08-14 18:16:21,797 [WARN] PackLoader:240 - Cannot read IP mode file for STMicroelectronics.X-CUBE-FREERTOS.1.2.0
2024-08-14 18:16:21,822 [WARN] PackLoader:240 - Cannot read IP mode file for STMicroelectronics.X-CUBE-AZRTOS-L5.2.0.0
2024-08-14 18:16:21,840 [WARN] PackLoader:240 - Cannot read IP mode file for STMicroelectronics.X-CUBE-NFC6.3.1.0
2024-08-14 18:16:21,855 [WARN] PackLoader:240 - Cannot read IP mode file for STMicroelectronics.X-CUBE-DPower.1.2.0
2024-08-14 18:16:21,867 [WARN] PackLoader:240 - Cannot read IP mode file for STMicroelectronics.X-CUBE-AI.9.0.0
2024-08-14 18:16:21,879 [WARN] PackLoader:240 - Cannot read IP mode file for STMicroelectronics.X-CUBE-NFC7.1.0.1
2024-08-14 18:16:21,891 [WARN] PackLoader:240 - Cannot read IP mode file for wolfSSL.I-CUBE-wolfTPM.3.2.0
2024-08-14 18:16:21,916 [WARN] ConditionMgr:438 - getConditionDescription Invalid condition id : LAN8742 Phy interface Condition cause : null
2024-08-14 18:16:21,917 [WARN] PackLoader:240 - Cannot read IP mode file for STMicroelectronics.X-CUBE-AZRTOS-L4.2.0.0
2024-08-14 18:16:21,918 [WARN] ConditionMgr:1039 - genDependencies : Invalid condition id : LAN8742 Phy interface Condition cause : null
2024-08-14 18:16:21,918 [WARN] ConditionMgr:1039 - genDependencies : Invalid condition id : LAN8742 Phy interface Condition cause : null
2024-08-14 18:16:21,919 [WARN] ConditionMgr:1039 - genDependencies : Invalid condition id : LAN8742 Phy interface Condition cause : null
2024-08-14 18:16:21,934 [WARN] PackLoader:240 - Cannot read IP mode file for STMicroelectronics.X-CUBE-SFXS2LP1.4.0.0
2024-08-14 18:16:21,965 [WARN] PackLoader:240 - Cannot read IP mode file for STMicroelectronics.X-CUBE-AZRTOS-H7.3.3.0
2024-08-14 18:16:21,990 [WARN] ConditionMgr:438 - getConditionDescription Invalid condition id : UX DEVICE CLASS RTOS Condition cause : null
2024-08-14 18:16:21,990 [WARN] ConditionMgr:438 - getConditionDescription Invalid condition id : UX DEVICE CLASS RTOS Condition cause : null
2024-08-14 18:16:21,991 [WARN] PackLoader:240 - Cannot read IP mode file for STMicroelectronics.X-CUBE-AZRTOS-WB.2.0.0
2024-08-14 18:16:21,992 [WARN] ConditionMgr:1039 - genDependencies : Invalid condition id : UX DEVICE CLASS RTOS Condition cause : null
2024-08-14 18:16:21,992 [WARN] ConditionMgr:1039 - genDependencies : Invalid condition id : UX DEVICE CLASS RTOS Condition cause : null
2024-08-14 18:16:21,992 [WARN] ConditionMgr:1039 - genDependencies : Invalid condition id : UX DEVICE CLASS RTOS Condition cause : null
2024-08-14 18:16:21,992 [WARN] ConditionMgr:1039 - genDependencies : Invalid condition id : UX DEVICE CLASS RTOS Condition cause : null
2024-08-14 18:16:21,992 [WARN] ConditionMgr:1039 - genDependencies : Invalid condition id : UX DEVICE CLASS RTOS Condition cause : null
2024-08-14 18:16:22,007 [WARN] PackLoader:240 - Cannot read IP mode file for STMicroelectronics.FP-SNS-STBOX1.2.0.0
2024-08-14 18:16:22,028 [WARN] PackLoader:240 - Cannot read IP mode file for STMicroelectronics.X-CUBE-SUBG2.5.0.0
2024-08-14 18:16:22,049 [WARN] PackLoader:240 - Cannot read IP mode file for Cesanta.I-CUBE-Mongoose.7.13.0
2024-08-14 18:16:22,071 [WARN] PackLoader:240 - Cannot read IP mode file for STMicroelectronics.X-CUBE-AZRTOS-G4.2.0.0
2024-08-14 18:16:22,087 [WARN] PackLoader:240 - Cannot read IP mode file for STMicroelectronics.X-CUBE-ISPU.2.0.0
2024-08-14 18:16:22,100 [WARN] PackLoader:240 - Cannot read IP mode file for STMicroelectronics.X-CUBE-ALS.1.0.2
2024-08-14 18:16:22,136 [WARN] PackLoader:240 - Cannot read IP mode file for STMicroelectronics.X-CUBE-MEMS1.10.0.0
2024-08-14 18:16:22,200 [WARN] PackLoader:240 - Cannot read IP mode file for STMicroelectronics.X-CUBE-TOUCHGFX.4.24.0
2024-08-14 18:16:22,214 [WARN] PackLoader:240 - Cannot read IP mode file for portGmbH.I-Cube-SoM-uGOAL.1.1.0
2024-08-14 18:16:22,240 [WARN] PackLoader:240 - Cannot read IP mode file for STMicroelectronics.X-CUBE-AZRTOS-H7RS.1.0.0
2024-08-14 18:16:22,257 [WARN] PackLoader:240 - Cannot read IP mode file for STMicroelectronics.FP-ATR-ASTRA1.2.0.0
2024-08-14 18:16:22,275 [WARN] PackLoader:240 - Cannot read IP mode file for STMicroelectronics.X-CUBE-TOF1.3.4.2
2024-08-14 18:16:22,307 [WARN] PackLoader:240 - Cannot read IP mode file for STMicroelectronics.X-CUBE-TOF1.3.4.1
2024-08-14 18:16:22,338 [WARN] PackLoader:240 - Cannot read IP mode file for STMicroelectronics.X-CUBE-AZRTOS-H7.3.2.0
2024-08-14 18:16:22,361 [WARN] PackLoader:240 - Cannot read IP mode file for Infineon.AIROC-Wi-Fi-Bluetooth-STM32.1.6.0
2024-08-14 18:16:22,376 [WARN] PackLoader:240 - Cannot read IP mode file for wolfSSL.I-CUBE-wolfSSH.1.4.17
2024-08-14 18:16:22,377 [INFO] ThirdParty:978 - Integrity check success = true
2024-08-14 18:16:22,377 [INFO] IntegrityCheckThread:100 - exiting critical section [integrity check]
2024-08-14 18:16:22,377 [INFO] IntegrityCheckThread:103 - End integrity checks thread
2024-08-14 18:16:23,726 [INFO] WebApp:167 - Instantiating new browser for Auth
2024-08-14 18:16:24,546 [INFO] WebApp:448 - Apply proxy settings
2024-08-14 18:16:24,547 [INFO] WebApp:533 - Chromium requires no authentication
2024-08-14 18:16:24,558 [INFO] WebApp:476 - Direct internet connection detected
2024-08-14 18:16:24,594 [INFO] WebApp:869 - Register for checkConnection events
2024-08-14 18:16:24,594 [INFO] WebApp:448 - Apply proxy settings
2024-08-14 18:16:24,594 [INFO] WebApp:533 - Chromium requires no authentication
2024-08-14 18:16:24,594 [INFO] WebApp:476 - Direct internet connection detected
2024-08-14 18:16:24,780 [INFO] WebApp:220 - Starting web application
2024-08-14 18:16:24,780 [INFO] WebApp:578 - Web application path used C:\ST\STM32CubeIDE_1.16.0\STM32CubeIDE\plugins\com.st.stm32cube.common.mx_6.12.0.202406281431\db\plugins\mcufinder\reactClient1\index.html
2024-08-14 18:16:24,923 [INFO] UserAuth:417 - Internet connection configuration mode: 1
2024-08-14 18:16:25,003 [INFO] WebApp:186 - Connection restablished
2024-08-14 18:55:40,144 [ERROR] LogOutputStream:75 - [STDERR_REDIRECT] 
2024-08-14 18:55:48,042 [INFO] Activator:176 - 


2024-08-14 18:55:48,044 [INFO] Activator:177 - !SESSION log4j initialized
2024-08-14 18:55:52,315 [INFO] LogOutputStream:77 - [STDOUT_REDIRECT] 
2024-08-14 18:56:03,990 [INFO] ApplicationProperties:184 - Using Application install path: C:\ST\STM32CubeIDE_1.16.0\STM32CubeIDE\plugins\com.st.stm32cube.common.mx_6.12.0.202406281431
2024-08-14 18:56:04,005 [INFO] DbMcusXml:78 - Set database path to: C:\ST\STM32CubeIDE_1.16.0\STM32CubeIDE\plugins\com.st.stm32cube.common.mx_6.12.0.202406281431\\db\/mcu/
2024-08-14 18:56:04,006 [INFO] ApiDb:274 - Set plugin database path to: C:\ST\STM32CubeIDE_1.16.0\STM32CubeIDE\plugins\com.st.stm32cube.common.mx_6.12.0.202406281431\\db\/plugins/boardmanager/
2024-08-14 18:56:04,006 [WARN] ApiDb:259 - Overriding images path with different value:  => C:\ST\STM32CubeIDE_1.16.0\STM32CubeIDE\plugins\com.st.stm32cube.common.mx_6.12.0.202406281431\\db\/plugins/mcufinder/images/
2024-08-14 18:56:04,012 [INFO] ApiDb:250 - Set database path to: C:\Users\20128\.stmcufinder\plugins\mcufinder//mcu/
2024-08-14 18:56:04,013 [INFO] DbMcusAds:125 - Set database path to: C:\Users\20128\.stmcufinder\plugins\mcufinder//mcu/
2024-08-14 18:56:04,031 [INFO] CrossReferenceDbSqlite:203 - Set database path to: C:\Users\20128\.stmcufinder\plugins\mcufinder//mcu/cs/
2024-08-14 18:56:04,127 [INFO] RulesReader:64 - Compatibility file has been processed (297 Rules)
2024-08-14 18:56:04,193 [INFO] DbMcusXml:78 - Set database path to: C:\ST\STM32CubeIDE_1.16.0\STM32CubeIDE\plugins\com.st.stm32cube.common.mx_6.12.0.202406281431\\db\/mcu/
2024-08-14 18:56:04,193 [INFO] ApiDb:274 - Set plugin database path to: C:\ST\STM32CubeIDE_1.16.0\STM32CubeIDE\plugins\com.st.stm32cube.common.mx_6.12.0.202406281431\\db\/plugins/boardmanager/
2024-08-14 18:56:04,193 [INFO] ApiDb:261 - Set plugin images path to: C:\ST\STM32CubeIDE_1.16.0\STM32CubeIDE\plugins\com.st.stm32cube.common.mx_6.12.0.202406281431\\db\/plugins/mcufinder/images/
2024-08-14 18:56:04,193 [WARN] DbFile:41 - Overriding database path with different value: C:\Users\20128\.stmcufinder\plugins\mcufinder/ => C:\Users\20128\.stmcufinder\plugins\mcufinder
2024-08-14 18:56:04,193 [INFO] ApiDb:250 - Set database path to: C:\Users\20128\.stmcufinder\plugins\mcufinder//mcu/
2024-08-14 18:56:04,193 [WARN] DbFile:41 - Overriding database path with different value: C:\Users\20128\.stmcufinder\plugins\mcufinder/ => C:\Users\20128\.stmcufinder\plugins\mcufinder
2024-08-14 18:56:04,193 [INFO] DbMcusAds:125 - Set database path to: C:\Users\20128\.stmcufinder\plugins\mcufinder//mcu/
2024-08-14 18:56:04,194 [WARN] DbFile:41 - Overriding database path with different value: C:\Users\20128\.stmcufinder\plugins\mcufinder/ => C:\Users\20128\.stmcufinder\plugins\mcufinder
2024-08-14 18:56:04,194 [WARN] DbFile:41 - Overriding database path with different value: C:\Users\20128\.stmcufinder\plugins\mcufinder/ => C:\Users\20128\.stmcufinder\plugins\mcufinder
2024-08-14 18:56:04,194 [INFO] CrossReferenceDbSqlite:203 - Set database path to: C:\Users\20128\.stmcufinder\plugins\mcufinder//mcu/cs/
2024-08-14 18:56:04,269 [INFO] MainPanel:268 - HeapMemory: 268435456
2024-08-14 18:56:04,346 [INFO] DbMcusXml:78 - Set database path to: C:\ST\STM32CubeIDE_1.16.0\STM32CubeIDE\plugins\com.st.stm32cube.common.mx_6.12.0.202406281431\\db\/mcu/
2024-08-14 18:56:04,347 [INFO] ApiDb:274 - Set plugin database path to: C:\ST\STM32CubeIDE_1.16.0\STM32CubeIDE\plugins\com.st.stm32cube.common.mx_6.12.0.202406281431\\db\/plugins/boardmanager/
2024-08-14 18:56:04,347 [INFO] ApiDb:261 - Set plugin images path to: C:\ST\STM32CubeIDE_1.16.0\STM32CubeIDE\plugins\com.st.stm32cube.common.mx_6.12.0.202406281431\\db\/plugins/mcufinder/images/
2024-08-14 18:56:04,347 [WARN] DbFile:41 - Overriding database path with different value: C:\Users\20128\.stmcufinder\plugins\mcufinder/ => C:\Users\20128\.stmcufinder\plugins\mcufinder
2024-08-14 18:56:04,347 [INFO] ApiDb:250 - Set database path to: C:\Users\20128\.stmcufinder\plugins\mcufinder//mcu/
2024-08-14 18:56:04,347 [WARN] DbFile:41 - Overriding database path with different value: C:\Users\20128\.stmcufinder\plugins\mcufinder/ => C:\Users\20128\.stmcufinder\plugins\mcufinder
2024-08-14 18:56:04,347 [INFO] DbMcusAds:125 - Set database path to: C:\Users\20128\.stmcufinder\plugins\mcufinder//mcu/
2024-08-14 18:56:04,347 [WARN] DbFile:41 - Overriding database path with different value: C:\Users\20128\.stmcufinder\plugins\mcufinder/ => C:\Users\20128\.stmcufinder\plugins\mcufinder
2024-08-14 18:56:04,347 [WARN] DbFile:41 - Overriding database path with different value: C:\Users\20128\.stmcufinder\plugins\mcufinder/ => C:\Users\20128\.stmcufinder\plugins\mcufinder
2024-08-14 18:56:04,348 [INFO] CrossReferenceDbSqlite:203 - Set database path to: C:\Users\20128\.stmcufinder\plugins\mcufinder//mcu/cs/
2024-08-14 18:56:04,363 [INFO] ApplicationProperties:184 - Using Application install path: C:\ST\STM32CubeIDE_1.16.0\STM32CubeIDE\plugins\com.st.stm32cube.common.mx_6.12.0.202406281431
2024-08-14 18:56:04,365 [INFO] PluginManage:196 - Search for loadable plugins [exclusion list=, ]
2024-08-14 18:56:04,366 [INFO] PluginManage:310 - Check plugin analytics
2024-08-14 18:56:04,491 [INFO] AnalyticsPlugin:253 - Accepted Software Licenses: 
2024-08-14 18:56:04,492 [INFO] AnalyticsPlugin:255 - Accepted CMSIS Pack Licenses: 
2024-08-14 18:56:04,492 [INFO] AnalyticsPlugin:257 - Accepted Firmware Licenses: FW.F4.1.28.0
2024-08-14 18:56:04,495 [INFO] PluginManage:359 - Loaded plugin analytics (category:tool,tabindex:-1)
2024-08-14 18:56:04,495 [INFO] PluginManage:310 - Check plugin cadmodel
2024-08-14 18:56:04,499 [INFO] CADModel:105 - Init CAD model plugin
2024-08-14 18:56:04,499 [INFO] PluginManage:359 - Loaded plugin cadmodel (category:power,tabindex:5)
2024-08-14 18:56:04,499 [INFO] PluginManage:310 - Check plugin clock
2024-08-14 18:56:04,506 [INFO] PluginManage:359 - Loaded plugin clock (category:base,tabindex:2)
2024-08-14 18:56:04,506 [INFO] PluginManage:310 - Check plugin ddr
2024-08-14 18:56:04,508 [INFO] PluginManage:359 - Loaded plugin ddr (category:tool,tabindex:6)
2024-08-14 18:56:04,508 [INFO] PluginManage:310 - Check plugin filemanager
2024-08-14 18:56:04,626 [INFO] PluginManage:359 - Loaded plugin filemanager (category:base,tabindex:10)
2024-08-14 18:56:04,626 [INFO] PluginManage:310 - Check plugin ipmanager
2024-08-14 18:56:04,634 [INFO] PluginManage:359 - Loaded plugin ipmanager (category:base,tabindex:5)
2024-08-14 18:56:04,634 [INFO] PluginManage:310 - Check plugin lpbam
2024-08-14 18:56:04,643 [INFO] PluginManage:359 - Loaded plugin lpbam (category:base,tabindex:0)
2024-08-14 18:56:04,643 [INFO] PluginManage:310 - Check plugin memorymap
2024-08-14 18:56:04,655 [INFO] PluginManage:359 - Loaded plugin memorymap (category:base,tabindex:4)
2024-08-14 18:56:04,655 [INFO] PluginManage:310 - Check plugin pinoutandconfiguration
2024-08-14 18:56:04,662 [INFO] PluginManage:359 - Loaded plugin pinoutandconfiguration (category:base,tabindex:1)
2024-08-14 18:56:04,663 [INFO] PluginManage:310 - Check plugin pinoutconfig
2024-08-14 18:56:04,740 [WARN] SupportedApi:132 - Cannot load RTOS API schema: s4s-elt-must-match.1: The content of 'definitions' must match (annotation?, (simpleType | complexType)?, (unique | key | keyref)*)). A problem was found starting at: attribute.
2024-08-14 18:56:04,848 [INFO] PluginManage:359 - Loaded plugin pinoutconfig (category:base,tabindex:0)
2024-08-14 18:56:04,848 [INFO] PluginManage:310 - Check plugin power
2024-08-14 18:56:04,855 [INFO] PluginManage:359 - Loaded plugin power (category:power,tabindex:4)
2024-08-14 18:56:04,855 [INFO] PluginManage:310 - Check plugin projectmanager
2024-08-14 18:56:04,870 [INFO] PluginManage:359 - Loaded plugin projectmanager (category:projectmanager,tabindex:4)
2024-08-14 18:56:04,870 [INFO] PluginManage:310 - Check plugin rif
2024-08-14 18:56:04,875 [INFO] PluginManage:359 - Loaded plugin rif (category:base,tabindex:3)
2024-08-14 18:56:04,876 [INFO] PluginManage:310 - Check plugin thirdparty
2024-08-14 18:56:04,978 [INFO] PluginManage:359 - Loaded plugin thirdparty (category:base,tabindex:-1)
2024-08-14 18:56:04,978 [WARN] IntegrityCheckThread:84 - waiting for thirdparty lock release [integrity check]
2024-08-14 18:56:04,978 [INFO] PluginManage:310 - Check plugin tools
2024-08-14 18:56:04,978 [INFO] IntegrityCheckThread:86 - entering critical section [integrity check]
2024-08-14 18:56:04,979 [INFO] ThirdPartyUpdaterWithRetryManager:70 - Updater plugin not ready yet. [1/15]
2024-08-14 18:56:04,981 [INFO] PluginManage:359 - Loaded plugin tools (category:base,tabindex:7)
2024-08-14 18:56:04,981 [INFO] PluginManage:310 - Check plugin tutovideos
2024-08-14 18:56:05,114 [INFO] PluginManage:359 - Loaded plugin tutovideos (category:base,tabindex:-1)
2024-08-14 18:56:05,114 [INFO] PluginManage:310 - Check plugin updater
2024-08-14 18:56:05,128 [INFO] PluginManage:359 - Loaded plugin updater (category:base,tabindex:12)
2024-08-14 18:56:05,128 [INFO] PluginManage:310 - Check plugin userauth
2024-08-14 18:56:05,133 [INFO] UserAuth:113 - Init User Auth plugin
2024-08-14 18:56:05,133 [INFO] PluginManage:359 - Loaded plugin userauth (category:base,tabindex:14)
2024-08-14 18:56:05,133 [INFO] PluginManage:283 - PluginManage : Loaded plugins [18]
2024-08-14 18:56:05,318 [INFO] PinOutPanel:1561 - setPackage(No Configuration,No Configuration)
2024-08-14 18:56:05,400 [INFO] CADModel:165 - CPN selected for project level
2024-08-14 18:56:05,400 [INFO] CADModel:114 - Register for checkConnection events
2024-08-14 18:56:05,415 [INFO] IPUIPlugin:80 - create IPUIPlugin
2024-08-14 18:56:05,415 [INFO] PluginManager:220 - loadIPPluginJar : add adc
2024-08-14 18:56:05,417 [INFO] IPUIPlugin:80 - create IPUIPlugin
2024-08-14 18:56:05,418 [INFO] PluginManager:220 - loadIPPluginJar : add aes
2024-08-14 18:56:05,420 [INFO] IPUIPlugin:80 - create IPUIPlugin
2024-08-14 18:56:05,420 [INFO] PluginManager:220 - loadIPPluginJar : add can
2024-08-14 18:56:05,421 [INFO] IPUIPlugin:80 - create IPUIPlugin
2024-08-14 18:56:05,422 [INFO] PluginManager:220 - loadIPPluginJar : add comp
2024-08-14 18:56:05,423 [INFO] IPUIPlugin:80 - create IPUIPlugin
2024-08-14 18:56:05,423 [INFO] PluginManager:220 - loadIPPluginJar : add cryp
2024-08-14 18:56:05,425 [INFO] IPUIPlugin:80 - create IPUIPlugin
2024-08-14 18:56:05,425 [INFO] PluginManager:220 - loadIPPluginJar : add ddr_ctrl_phy
2024-08-14 18:56:05,427 [INFO] IPUIPlugin:80 - create IPUIPlugin
2024-08-14 18:56:05,427 [INFO] PluginManager:220 - loadIPPluginJar : add dfsdm
2024-08-14 18:56:05,431 [INFO] IPUIPlugin:80 - create IPUIPlugin
2024-08-14 18:56:05,433 [INFO] PluginManager:220 - loadIPPluginJar : add dma
2024-08-14 18:56:05,435 [INFO] IPUIPlugin:80 - create IPUIPlugin
2024-08-14 18:56:05,435 [INFO] PluginManager:220 - loadIPPluginJar : add dma3
2024-08-14 18:56:05,437 [INFO] IPUIPlugin:80 - create IPUIPlugin
2024-08-14 18:56:05,437 [INFO] PluginManager:220 - loadIPPluginJar : add extmemmanager
2024-08-14 18:56:05,438 [INFO] IPUIPlugin:80 - create IPUIPlugin
2024-08-14 18:56:05,438 [INFO] PluginManager:220 - loadIPPluginJar : add fatfs
2024-08-14 18:56:05,441 [INFO] IPUIPlugin:80 - create IPUIPlugin
2024-08-14 18:56:05,441 [INFO] PluginManager:220 - loadIPPluginJar : add fmc
2024-08-14 18:56:05,446 [INFO] IPUIPlugin:80 - create IPUIPlugin
2024-08-14 18:56:05,446 [INFO] PluginManager:220 - loadIPPluginJar : add freertos
2024-08-14 18:56:05,447 [INFO] IPUIPlugin:80 - create IPUIPlugin
2024-08-14 18:56:05,447 [INFO] PluginManager:220 - loadIPPluginJar : add genericplugin
2024-08-14 18:56:05,449 [INFO] IPUIPlugin:80 - create IPUIPlugin
2024-08-14 18:56:05,449 [INFO] PluginManager:220 - loadIPPluginJar : add gfxmmu
2024-08-14 18:56:05,452 [INFO] IPUIPlugin:80 - create IPUIPlugin
2024-08-14 18:56:05,453 [INFO] PluginManager:220 - loadIPPluginJar : add gic
2024-08-14 18:56:05,456 [INFO] IPUIPlugin:80 - create IPUIPlugin
2024-08-14 18:56:05,456 [INFO] PluginManager:220 - loadIPPluginJar : add gpio
2024-08-14 18:56:05,458 [INFO] IPUIPlugin:80 - create IPUIPlugin
2024-08-14 18:56:05,458 [INFO] PluginManager:220 - loadIPPluginJar : add gtzc
2024-08-14 18:56:05,460 [INFO] IPUIPlugin:80 - create IPUIPlugin
2024-08-14 18:56:05,461 [INFO] PluginManager:220 - loadIPPluginJar : add hash
2024-08-14 18:56:05,463 [INFO] IPUIPlugin:80 - create IPUIPlugin
2024-08-14 18:56:05,463 [INFO] PluginManager:220 - loadIPPluginJar : add i2c
2024-08-14 18:56:05,465 [INFO] IPUIPlugin:80 - create IPUIPlugin
2024-08-14 18:56:05,465 [INFO] PluginManager:220 - loadIPPluginJar : add i2s
2024-08-14 18:56:05,467 [INFO] IPUIPlugin:80 - create IPUIPlugin
2024-08-14 18:56:05,467 [INFO] PluginManager:220 - loadIPPluginJar : add i3c
2024-08-14 18:56:05,470 [INFO] IPUIPlugin:80 - create IPUIPlugin
2024-08-14 18:56:05,470 [INFO] PluginManager:220 - loadIPPluginJar : add ipddr
2024-08-14 18:56:05,476 [INFO] IPUIPlugin:80 - create IPUIPlugin
2024-08-14 18:56:05,476 [INFO] PluginManager:220 - loadIPPluginJar : add linkedlist
2024-08-14 18:56:05,478 [INFO] IPUIPlugin:80 - create IPUIPlugin
2024-08-14 18:56:05,478 [INFO] PluginManager:220 - loadIPPluginJar : add lorawan
2024-08-14 18:56:05,479 [INFO] IPUIPlugin:80 - create IPUIPlugin
2024-08-14 18:56:05,479 [INFO] PluginManager:220 - loadIPPluginJar : add ltdc
2024-08-14 18:56:05,484 [INFO] IPUIPlugin:80 - create IPUIPlugin
2024-08-14 18:56:05,485 [INFO] PluginManager:220 - loadIPPluginJar : add mdma
2024-08-14 18:56:05,487 [INFO] IPUIPlugin:80 - create IPUIPlugin
2024-08-14 18:56:05,487 [INFO] PluginManager:220 - loadIPPluginJar : add nvic
2024-08-14 18:56:05,490 [INFO] IPUIPlugin:80 - create IPUIPlugin
2024-08-14 18:56:05,490 [INFO] PluginManager:220 - loadIPPluginJar : add opamp
2024-08-14 18:56:05,492 [INFO] IPUIPlugin:80 - create IPUIPlugin
2024-08-14 18:56:05,492 [INFO] PluginManager:220 - loadIPPluginJar : add openamp
2024-08-14 18:56:05,495 [INFO] IPUIPlugin:80 - create IPUIPlugin
2024-08-14 18:56:05,495 [INFO] PluginManager:220 - loadIPPluginJar : add pdm2pcm
2024-08-14 18:56:05,501 [INFO] IPUIPlugin:80 - create IPUIPlugin
2024-08-14 18:56:05,504 [INFO] PluginManager:220 - loadIPPluginJar : add plateformsettings
2024-08-14 18:56:05,505 [INFO] IPUIPlugin:80 - create IPUIPlugin
2024-08-14 18:56:05,505 [INFO] PluginManager:220 - loadIPPluginJar : add quadspi
2024-08-14 18:56:05,507 [INFO] IPUIPlugin:80 - create IPUIPlugin
2024-08-14 18:56:05,507 [INFO] PluginManager:220 - loadIPPluginJar : add radio
2024-08-14 18:56:05,510 [INFO] IPUIPlugin:80 - create IPUIPlugin
2024-08-14 18:56:05,510 [INFO] PluginManager:220 - loadIPPluginJar : add resmgrutility
2024-08-14 18:56:05,513 [INFO] IPUIPlugin:80 - create IPUIPlugin
2024-08-14 18:56:05,513 [INFO] PluginManager:220 - loadIPPluginJar : add sai
2024-08-14 18:56:05,515 [INFO] IPUIPlugin:80 - create IPUIPlugin
2024-08-14 18:56:05,515 [INFO] PluginManager:220 - loadIPPluginJar : add spi
2024-08-14 18:56:05,520 [INFO] IPUIPlugin:80 - create IPUIPlugin
2024-08-14 18:56:05,520 [INFO] PluginManager:220 - loadIPPluginJar : add stm32_wpan
2024-08-14 18:56:05,521 [INFO] IPUIPlugin:80 - create IPUIPlugin
2024-08-14 18:56:05,521 [INFO] PluginManager:220 - loadIPPluginJar : add tim
2024-08-14 18:56:05,525 [INFO] IPUIPlugin:80 - create IPUIPlugin
2024-08-14 18:56:05,525 [INFO] PluginManager:220 - loadIPPluginJar : add touchsensing
2024-08-14 18:56:05,527 [INFO] IPUIPlugin:80 - create IPUIPlugin
2024-08-14 18:56:05,527 [INFO] PluginManager:220 - loadIPPluginJar : add tracer_emb
2024-08-14 18:56:05,529 [INFO] IPUIPlugin:80 - create IPUIPlugin
2024-08-14 18:56:05,529 [INFO] PluginManager:220 - loadIPPluginJar : add ts
2024-08-14 18:56:05,531 [INFO] IPUIPlugin:80 - create IPUIPlugin
2024-08-14 18:56:05,531 [INFO] PluginManager:220 - loadIPPluginJar : add tsc
2024-08-14 18:56:05,533 [INFO] IPUIPlugin:80 - create IPUIPlugin
2024-08-14 18:56:05,534 [INFO] PluginManager:220 - loadIPPluginJar : add ucpd
2024-08-14 18:56:05,536 [INFO] IPUIPlugin:80 - create IPUIPlugin
2024-08-14 18:56:05,536 [INFO] PluginManager:220 - loadIPPluginJar : add usart
2024-08-14 18:56:05,539 [INFO] IPUIPlugin:80 - create IPUIPlugin
2024-08-14 18:56:05,539 [INFO] PluginManager:220 - loadIPPluginJar : add usbx
2024-08-14 18:56:05,664 [INFO] CADModel:165 - CPN selected for project level
2024-08-14 18:56:05,664 [INFO] CADModel:114 - Register for checkConnection events
2024-08-14 18:56:05,664 [FATAL] Updater:334 - Updater called before beeing initialized
2024-08-14 18:56:05,664 [ERROR] CADModel:125 - Updater not yet initialized, retry later 
2024-08-14 18:56:05,765 [INFO] CADModel:165 - CPN selected for project level
2024-08-14 18:56:05,765 [INFO] CADModel:114 - Register for checkConnection events
2024-08-14 18:56:05,765 [FATAL] Updater:334 - Updater called before beeing initialized
2024-08-14 18:56:05,766 [ERROR] CADModel:125 - Updater not yet initialized, retry later 
2024-08-14 18:56:05,769 [FATAL] Updater:334 - Updater called before beeing initialized
2024-08-14 18:56:05,860 [FATAL] Updater:334 - Updater called before beeing initialized
2024-08-14 18:56:05,864 [INFO] DbMcusAds:53 - JSON generation date=Thu May 16 12:22:00 EEST 2024 (1715851320667)
2024-08-14 18:56:05,864 [FATAL] Updater:334 - Updater called before beeing initialized
2024-08-14 18:56:05,893 [WARN] DetailPanel:346 - Failed to get advertising image, set to default
2024-08-14 18:56:05,965 [FATAL] Updater:334 - Updater called before beeing initialized
2024-08-14 18:56:05,966 [FATAL] Updater:334 - Updater called before beeing initialized
2024-08-14 18:56:05,966 [FATAL] Updater:334 - Updater called before beeing initialized
2024-08-14 18:56:05,967 [WARN] DetailPanel:346 - Failed to get advertising image, set to default
2024-08-14 18:56:05,967 [FATAL] Updater:334 - Updater called before beeing initialized
2024-08-14 18:56:06,006 [ERROR] Updater:1164 - MainUpdater not yet initialized. External WinMGr cannot be set.
2024-08-14 18:56:06,008 [INFO] Updater:1100 - Updater Version found : 6.12.0
2024-08-14 18:56:06,027 [INFO] ApplicationProperties:184 - Using Application install path: C:\ST\STM32CubeIDE_1.16.0\STM32CubeIDE\plugins\com.st.stm32cube.common.mx_6.12.0.202406281431
2024-08-14 18:56:07,601 [ERROR] LogOutputStream:75 - [STDERR_REDIRECT] Aug 14, 2024 6:56:07 PM java.util.prefs.WindowsPreferences <init>
2024-08-14 18:56:07,602 [ERROR] LogOutputStream:75 - [STDERR_REDIRECT] WARNING: Could not open/create prefs root node Software\JavaSoft\Prefs at root 0xffffffff80000002. Windows RegCreateKeyEx(...) returned error code 5.
2024-08-14 18:56:07,602 [ERROR] LogOutputStream:75 - [STDERR_REDIRECT] 
2024-08-14 18:56:07,957 [INFO] MainUpdater:2873 - connection check result : 10
2024-08-14 18:56:07,958 [INFO] MainUpdater:290 - Updater Check For Update Now.
2024-08-14 18:56:07,958 [INFO] MicroXplorer:498 - Change Database Version : DB.6.0.120
2024-08-14 18:56:07,965 [INFO] McuFinderGlobals:63 - Set McuFinder mode to 2 (CubeIDE integrated)
2024-08-14 18:56:07,965 [INFO] UserAuth:417 - Internet connection configuration mode: 1
2024-08-14 18:56:07,980 [WARN] MainUpdater:1194 - Updater busy. Cannot search thirdparties
2024-08-14 18:56:07,980 [INFO] JxBrowserEngine:152 - Initiate JxBrowser Engine with user profile folder
2024-08-14 18:56:07,980 [INFO] ThirdPartyUpdaterWithRetryManager:96 - Updater plugin is busy. [1/15]
2024-08-14 18:56:08,116 [INFO] CheckServerUpdateThread:120 - End of CheckServer Thread
2024-08-14 18:56:08,521 [INFO] WebApp:167 - Instantiating new browser for Auth
2024-08-14 18:56:09,284 [INFO] WebApp:448 - Apply proxy settings
2024-08-14 18:56:09,284 [INFO] WebApp:533 - Chromium requires no authentication
2024-08-14 18:56:09,292 [INFO] WebApp:476 - Direct internet connection detected
2024-08-14 18:56:09,319 [INFO] WebApp:869 - Register for checkConnection events
2024-08-14 18:56:09,320 [INFO] WebApp:448 - Apply proxy settings
2024-08-14 18:56:09,320 [INFO] WebApp:533 - Chromium requires no authentication
2024-08-14 18:56:09,321 [INFO] WebApp:476 - Direct internet connection detected
2024-08-14 18:56:09,494 [INFO] WebApp:220 - Starting web application
2024-08-14 18:56:09,494 [INFO] WebApp:578 - Web application path used C:\ST\STM32CubeIDE_1.16.0\STM32CubeIDE\plugins\com.st.stm32cube.common.mx_6.12.0.202406281431\db\plugins\mcufinder\reactClient1\index.html
2024-08-14 18:56:09,574 [INFO] UserAuth:417 - Internet connection configuration mode: 1
2024-08-14 18:56:09,706 [INFO] WebApp:186 - Connection restablished
2024-08-14 18:56:11,139 [WARN] PackLoader:240 - Cannot read IP mode file for STMicroelectronics.FP-SNS-MOTENVWB1.1.4.0
2024-08-14 18:56:11,150 [WARN] PackLoader:240 - Cannot read IP mode file for STMicroelectronics.X-CUBE-SMBUS.2.1.0
2024-08-14 18:56:11,201 [WARN] PackLoader:240 - Cannot read IP mode file for STMicroelectronics.X-CUBE-AZRTOS-F7.1.1.0
2024-08-14 18:56:11,214 [WARN] PackLoader:240 - Cannot read IP mode file for STMicroelectronics.FP-SNS-FLIGHT1.5.0.2
2024-08-14 18:56:11,228 [WARN] PackLoader:240 - Cannot read IP mode file for STMicroelectronics.X-CUBE-DISPLAY.3.0.0
2024-08-14 18:56:11,248 [WARN] PackLoader:240 - Cannot read IP mode file for STMicroelectronics.X-CUBE-BLE1.7.0.0
2024-08-14 18:56:11,257 [WARN] PackLoader:240 - Cannot read IP mode file for emotas.I-CUBE-CANOPEN.1.3.0
2024-08-14 18:56:11,270 [WARN] PackLoader:240 - Cannot read IP mode file for STMicroelectronics.X-CUBE-BLEMGR.3.1.0
2024-08-14 18:56:11,280 [WARN] PackLoader:240 - Cannot read IP mode file for STMicroelectronics.FP-SNS-SMARTAG2.1.2.0
2024-08-14 18:56:11,294 [INFO] LogOutputStream:77 - [STDOUT_REDIRECT] 1 : Invalid condition id : UX_CORESTACK_Condition cause : null
2024-08-14 18:56:11,295 [INFO] LogOutputStream:77 - [STDOUT_REDIRECT] 1 : Invalid condition id : UX_CORESTACK_Condition cause : null
2024-08-14 18:56:11,296 [INFO] LogOutputStream:77 - [STDOUT_REDIRECT] 1 : Invalid condition id : UX_CORESTACK_Condition cause : null
2024-08-14 18:56:11,297 [INFO] LogOutputStream:77 - [STDOUT_REDIRECT] 1 : Invalid condition id : UX_CORESTACK_Condition cause : null
2024-08-14 18:56:11,298 [INFO] LogOutputStream:77 - [STDOUT_REDIRECT] 1 : Invalid condition id : UX_CORESTACK_Condition cause : null
2024-08-14 18:56:11,303 [WARN] PackLoader:240 - Cannot read IP mode file for STMicroelectronics.X-CUBE-AZRTOS-WL.2.0.0
2024-08-14 18:56:11,312 [WARN] PackLoader:240 - Cannot read IP mode file for STMicroelectronics.FP-SNS-MOTENV1.5.0.0
2024-08-14 18:56:11,319 [WARN] PackLoader:240 - Cannot read IP mode file for wolfSSL.I-CUBE-wolfMQTT.1.19.0
2024-08-14 18:56:11,329 [WARN] PackLoader:240 - Cannot read IP mode file for WES.I-CUBE-Cesium.1.3.0
2024-08-14 18:56:11,337 [WARN] PackLoader:240 - Cannot read IP mode file for STMicroelectronics.X-CUBE-BLE2.3.3.0
2024-08-14 18:56:11,344 [WARN] PackLoader:240 - Cannot read IP mode file for STMicroelectronics.X-CUBE-TCPP.4.1.0
2024-08-14 18:56:11,360 [WARN] PackLoader:240 - Cannot read IP mode file for STMicroelectronics.X-CUBE-AZRTOS-G0.1.1.0
2024-08-14 18:56:11,370 [WARN] PackLoader:240 - Cannot read IP mode file for STMicroelectronics.X-CUBE-SAFEA1.1.2.2
2024-08-14 18:56:11,376 [WARN] PackLoader:240 - Cannot read IP mode file for STMicroelectronics.X-CUBE-NFC4.3.0.0
2024-08-14 18:56:11,388 [WARN] PackLoader:240 - Cannot read IP mode file for EmbeddedOffice.I-CUBE-FS-RTOS.1.0.1
2024-08-14 18:56:11,388 [ERROR] ConditionMgr:805 - Attr not supported : Dmpu
2024-08-14 18:56:11,388 [ERROR] ConditionMgr:805 - Attr not supported : Dmpu
2024-08-14 18:56:11,388 [ERROR] ConditionMgr:805 - Attr not supported : Dmpu
2024-08-14 18:56:11,388 [ERROR] ConditionMgr:805 - Attr not supported : Dmpu
2024-08-14 18:56:11,388 [ERROR] ConditionMgr:805 - Attr not supported : Dmpu
2024-08-14 18:56:11,388 [ERROR] ConditionMgr:805 - Attr not supported : Dmpu
2024-08-14 18:56:11,388 [ERROR] ConditionMgr:805 - Attr not supported : Dmpu
2024-08-14 18:56:11,388 [ERROR] ConditionMgr:805 - Attr not supported : Dmpu
2024-08-14 18:56:11,388 [ERROR] ConditionMgr:805 - Attr not supported : Dmpu
2024-08-14 18:56:11,388 [ERROR] ConditionMgr:805 - Attr not supported : Dmpu
2024-08-14 18:56:11,388 [ERROR] ConditionMgr:805 - Attr not supported : Dmpu
2024-08-14 18:56:11,389 [ERROR] ConditionMgr:805 - Attr not supported : Dmpu
2024-08-14 18:56:11,389 [ERROR] ConditionMgr:805 - Attr not supported : Dmpu
2024-08-14 18:56:11,389 [ERROR] ConditionMgr:805 - Attr not supported : Dmpu
2024-08-14 18:56:11,389 [ERROR] ConditionMgr:805 - Attr not supported : Dmpu
2024-08-14 18:56:11,389 [ERROR] ConditionMgr:805 - Attr not supported : Dmpu
2024-08-14 18:56:11,389 [ERROR] ConditionMgr:805 - Attr not supported : Dmpu
2024-08-14 18:56:11,389 [ERROR] ConditionMgr:805 - Attr not supported : Dmpu
2024-08-14 18:56:11,389 [ERROR] ConditionMgr:805 - Attr not supported : Dmpu
2024-08-14 18:56:11,389 [ERROR] ConditionMgr:805 - Attr not supported : Dmpu
2024-08-14 18:56:11,389 [ERROR] ConditionMgr:805 - Attr not supported : Dmpu
2024-08-14 18:56:11,389 [ERROR] ConditionMgr:805 - Attr not supported : Dmpu
2024-08-14 18:56:11,389 [ERROR] ConditionMgr:805 - Attr not supported : Dmpu
2024-08-14 18:56:11,389 [ERROR] ConditionMgr:805 - Attr not supported : Dmpu
2024-08-14 18:56:11,389 [ERROR] ConditionMgr:805 - Attr not supported : Dmpu
2024-08-14 18:56:11,389 [ERROR] ConditionMgr:805 - Attr not supported : Dmpu
2024-08-14 18:56:11,389 [ERROR] ConditionMgr:805 - Attr not supported : Dmpu
2024-08-14 18:56:11,389 [ERROR] ConditionMgr:805 - Attr not supported : Dmpu
2024-08-14 18:56:11,389 [ERROR] ConditionMgr:805 - Attr not supported : Dmpu
2024-08-14 18:56:11,389 [ERROR] ConditionMgr:805 - Attr not supported : Dmpu
2024-08-14 18:56:11,389 [ERROR] ConditionMgr:805 - Attr not supported : Dmpu
2024-08-14 18:56:11,390 [ERROR] ConditionMgr:805 - Attr not supported : Dmpu
2024-08-14 18:56:11,390 [ERROR] ConditionMgr:805 - Attr not supported : Dmpu
2024-08-14 18:56:11,390 [ERROR] ConditionMgr:805 - Attr not supported : Dmpu
2024-08-14 18:56:11,390 [ERROR] ConditionMgr:805 - Attr not supported : Dmpu
2024-08-14 18:56:11,390 [ERROR] ConditionMgr:805 - Attr not supported : Dmpu
2024-08-14 18:56:11,390 [ERROR] ConditionMgr:805 - Attr not supported : Dmpu
2024-08-14 18:56:11,390 [ERROR] ConditionMgr:805 - Attr not supported : Dmpu
2024-08-14 18:56:11,390 [ERROR] ConditionMgr:805 - Attr not supported : Dmpu
2024-08-14 18:56:11,390 [ERROR] ConditionMgr:805 - Attr not supported : Dmpu
2024-08-14 18:56:11,390 [ERROR] ConditionMgr:805 - Attr not supported : Dmpu
2024-08-14 18:56:11,390 [ERROR] ConditionMgr:805 - Attr not supported : Dmpu
2024-08-14 18:56:11,391 [ERROR] ConditionMgr:805 - Attr not supported : Dmpu
2024-08-14 18:56:11,391 [ERROR] ConditionMgr:805 - Attr not supported : Dmpu
2024-08-14 18:56:11,391 [ERROR] ConditionMgr:805 - Attr not supported : Dmpu
2024-08-14 18:56:11,391 [ERROR] ConditionMgr:805 - Attr not supported : Dmpu
2024-08-14 18:56:11,391 [ERROR] ConditionMgr:805 - Attr not supported : Dmpu
2024-08-14 18:56:11,391 [ERROR] ConditionMgr:805 - Attr not supported : Dmpu
2024-08-14 18:56:11,391 [ERROR] ConditionMgr:805 - Attr not supported : Dmpu
2024-08-14 18:56:11,391 [ERROR] ConditionMgr:805 - Attr not supported : Dmpu
2024-08-14 18:56:11,391 [ERROR] ConditionMgr:805 - Attr not supported : Dmpu
2024-08-14 18:56:11,391 [ERROR] ConditionMgr:805 - Attr not supported : Dmpu
2024-08-14 18:56:11,391 [ERROR] ConditionMgr:805 - Attr not supported : Dmpu
2024-08-14 18:56:11,391 [ERROR] ConditionMgr:805 - Attr not supported : Dmpu
2024-08-14 18:56:11,391 [ERROR] ConditionMgr:805 - Attr not supported : Dmpu
2024-08-14 18:56:11,391 [ERROR] ConditionMgr:805 - Attr not supported : Dmpu
2024-08-14 18:56:11,392 [ERROR] ConditionMgr:805 - Attr not supported : Dmpu
2024-08-14 18:56:11,392 [ERROR] ConditionMgr:805 - Attr not supported : Dmpu
2024-08-14 18:56:11,392 [ERROR] ConditionMgr:805 - Attr not supported : Dmpu
2024-08-14 18:56:11,392 [ERROR] ConditionMgr:805 - Attr not supported : Dmpu
2024-08-14 18:56:11,392 [ERROR] ConditionMgr:805 - Attr not supported : Dmpu
2024-08-14 18:56:11,392 [ERROR] ConditionMgr:805 - Attr not supported : Dmpu
2024-08-14 18:56:11,392 [ERROR] ConditionMgr:805 - Attr not supported : Dmpu
2024-08-14 18:56:11,392 [ERROR] ConditionMgr:805 - Attr not supported : Dmpu
2024-08-14 18:56:11,397 [WARN] PackLoader:240 - Cannot read IP mode file for RealThread.X-CUBE-RT-Thread_Nano.4.1.1
2024-08-14 18:56:11,402 [WARN] PackLoader:240 - Cannot read IP mode file for wolfSSL.I-CUBE-wolfSSL.5.7.0
2024-08-14 18:56:11,407 [WARN] PackLoader:240 - Cannot read IP mode file for STMicroelectronics.FP-ATR-SIGFOX1.3.2.0
2024-08-14 18:56:11,413 [WARN] PackLoader:240 - Cannot read IP mode file for STMicroelectronics.X-CUBE-EEPRMA1.5.1.0
2024-08-14 18:56:11,419 [WARN] PackLoader:240 - Cannot read IP mode file for ITTIA_DB.I-CUBE-ITTIADB.8.9.0
2024-08-14 18:56:11,442 [WARN] PackLoader:240 - Cannot read IP mode file for SEGGER.I-CUBE-embOS.1.3.1
2024-08-14 18:56:11,472 [WARN] PackLoader:240 - Cannot read IP mode file for STMicroelectronics.X-CUBE-ALGOBUILD.1.4.0
2024-08-14 18:56:11,478 [WARN] PackLoader:240 - Cannot read IP mode file for STMicroelectronics.X-CUBE-GNSS1.6.0.0
2024-08-14 18:56:11,491 [WARN] PackLoader:240 - Cannot read IP mode file for STMicroelectronics.X-CUBE-AZRTOS-F4.1.1.0
2024-08-14 18:56:11,498 [WARN] PackLoader:240 - Cannot read IP mode file for STMicroelectronics.X-CUBE-FREERTOS.1.2.0
2024-08-14 18:56:11,515 [WARN] PackLoader:240 - Cannot read IP mode file for STMicroelectronics.X-CUBE-AZRTOS-L5.2.0.0
2024-08-14 18:56:11,526 [WARN] PackLoader:240 - Cannot read IP mode file for STMicroelectronics.X-CUBE-NFC6.3.1.0
2024-08-14 18:56:11,533 [WARN] PackLoader:240 - Cannot read IP mode file for STMicroelectronics.X-CUBE-DPower.1.2.0
2024-08-14 18:56:11,537 [WARN] PackLoader:240 - Cannot read IP mode file for STMicroelectronics.X-CUBE-AI.9.0.0
2024-08-14 18:56:11,544 [WARN] PackLoader:240 - Cannot read IP mode file for STMicroelectronics.X-CUBE-NFC7.1.0.1
2024-08-14 18:56:11,549 [WARN] PackLoader:240 - Cannot read IP mode file for wolfSSL.I-CUBE-wolfTPM.3.2.0
2024-08-14 18:56:11,566 [WARN] ConditionMgr:438 - getConditionDescription Invalid condition id : LAN8742 Phy interface Condition cause : null
2024-08-14 18:56:11,567 [WARN] PackLoader:240 - Cannot read IP mode file for STMicroelectronics.X-CUBE-AZRTOS-L4.2.0.0
2024-08-14 18:56:11,568 [WARN] ConditionMgr:1039 - genDependencies : Invalid condition id : LAN8742 Phy interface Condition cause : null
2024-08-14 18:56:11,568 [WARN] ConditionMgr:1039 - genDependencies : Invalid condition id : LAN8742 Phy interface Condition cause : null
2024-08-14 18:56:11,568 [WARN] ConditionMgr:1039 - genDependencies : Invalid condition id : LAN8742 Phy interface Condition cause : null
2024-08-14 18:56:11,577 [WARN] PackLoader:240 - Cannot read IP mode file for STMicroelectronics.X-CUBE-SFXS2LP1.4.0.0
2024-08-14 18:56:11,594 [WARN] PackLoader:240 - Cannot read IP mode file for STMicroelectronics.X-CUBE-AZRTOS-H7.3.3.0
2024-08-14 18:56:11,608 [WARN] ConditionMgr:438 - getConditionDescription Invalid condition id : UX DEVICE CLASS RTOS Condition cause : null
2024-08-14 18:56:11,609 [WARN] ConditionMgr:438 - getConditionDescription Invalid condition id : UX DEVICE CLASS RTOS Condition cause : null
2024-08-14 18:56:11,610 [WARN] PackLoader:240 - Cannot read IP mode file for STMicroelectronics.X-CUBE-AZRTOS-WB.2.0.0
2024-08-14 18:56:11,611 [WARN] ConditionMgr:1039 - genDependencies : Invalid condition id : UX DEVICE CLASS RTOS Condition cause : null
2024-08-14 18:56:11,611 [WARN] ConditionMgr:1039 - genDependencies : Invalid condition id : UX DEVICE CLASS RTOS Condition cause : null
2024-08-14 18:56:11,611 [WARN] ConditionMgr:1039 - genDependencies : Invalid condition id : UX DEVICE CLASS RTOS Condition cause : null
2024-08-14 18:56:11,611 [WARN] ConditionMgr:1039 - genDependencies : Invalid condition id : UX DEVICE CLASS RTOS Condition cause : null
2024-08-14 18:56:11,611 [WARN] ConditionMgr:1039 - genDependencies : Invalid condition id : UX DEVICE CLASS RTOS Condition cause : null
2024-08-14 18:56:11,618 [WARN] PackLoader:240 - Cannot read IP mode file for STMicroelectronics.FP-SNS-STBOX1.2.0.0
2024-08-14 18:56:11,627 [WARN] PackLoader:240 - Cannot read IP mode file for STMicroelectronics.X-CUBE-SUBG2.5.0.0
2024-08-14 18:56:11,635 [WARN] PackLoader:240 - Cannot read IP mode file for Cesanta.I-CUBE-Mongoose.7.13.0
2024-08-14 18:56:11,645 [WARN] PackLoader:240 - Cannot read IP mode file for STMicroelectronics.X-CUBE-AZRTOS-G4.2.0.0
2024-08-14 18:56:11,651 [WARN] PackLoader:240 - Cannot read IP mode file for STMicroelectronics.X-CUBE-ISPU.2.0.0
2024-08-14 18:56:11,657 [WARN] PackLoader:240 - Cannot read IP mode file for STMicroelectronics.X-CUBE-ALS.1.0.2
2024-08-14 18:56:11,684 [WARN] PackLoader:240 - Cannot read IP mode file for STMicroelectronics.X-CUBE-MEMS1.10.0.0
2024-08-14 18:56:11,778 [WARN] PackLoader:240 - Cannot read IP mode file for STMicroelectronics.X-CUBE-TOUCHGFX.4.24.0
2024-08-14 18:56:11,784 [WARN] PackLoader:240 - Cannot read IP mode file for portGmbH.I-Cube-SoM-uGOAL.1.1.0
2024-08-14 18:56:11,797 [WARN] PackLoader:240 - Cannot read IP mode file for STMicroelectronics.X-CUBE-AZRTOS-H7RS.1.0.0
2024-08-14 18:56:11,804 [WARN] PackLoader:240 - Cannot read IP mode file for STMicroelectronics.FP-ATR-ASTRA1.2.0.0
2024-08-14 18:56:11,815 [WARN] PackLoader:240 - Cannot read IP mode file for STMicroelectronics.X-CUBE-TOF1.3.4.2
2024-08-14 18:56:11,830 [WARN] PackLoader:240 - Cannot read IP mode file for STMicroelectronics.X-CUBE-TOF1.3.4.1
2024-08-14 18:56:11,852 [WARN] PackLoader:240 - Cannot read IP mode file for STMicroelectronics.X-CUBE-AZRTOS-H7.3.2.0
2024-08-14 18:56:11,863 [WARN] PackLoader:240 - Cannot read IP mode file for Infineon.AIROC-Wi-Fi-Bluetooth-STM32.1.6.0
2024-08-14 18:56:11,879 [WARN] PackLoader:240 - Cannot read IP mode file for wolfSSL.I-CUBE-wolfSSH.1.4.17
2024-08-14 18:56:11,880 [INFO] ThirdParty:978 - Integrity check success = true
2024-08-14 18:56:11,880 [INFO] IntegrityCheckThread:100 - exiting critical section [integrity check]
2024-08-14 18:56:11,880 [INFO] IntegrityCheckThread:103 - End integrity checks thread
2024-08-14 21:20:29,313 [ERROR] LogOutputStream:75 - [STDERR_REDIRECT] 
2024-08-14 21:20:29,315 [ERROR] LogOutputStream:75 - [STDERR_REDIRECT] 
